[35m[1mConsolidate compiler generated dependencies of target gtest_main[0m
[35m[1mConsolidate compiler generated dependencies of target gtest[0m
[35m[1mConsolidate compiler generated dependencies of target mpc_rbt_simulator[0m
[ 50%] Built target gtest
[ 50%] Built target gtest_main
[ 75%] Built target mpc_rbt_simulator
[35m[1mConsolidate compiler generated dependencies of target tiagoDriverTest[0m
[100%] Built target tiagoDriverTest
-- Install configuration: ""
-- Installing: /home/student/238362_tm/install/mpc_rbt_simulator/share/mpc_rbt_simulator/tiago_driver_plugin.xml
-- Installing: /home/student/238362_tm/install/mpc_rbt_simulator/lib/libmpc_rbt_simulator.so
-- Set runtime path of "/home/student/238362_tm/install/mpc_rbt_simulator/lib/libmpc_rbt_simulator.so" to ""
-- Installing: /home/student/238362_tm/install/mpc_rbt_simulator/include/
-- Installing: /home/student/238362_tm/install/mpc_rbt_simulator/include//mpc_rbt_simulator
-- Installing: /home/student/238362_tm/install/mpc_rbt_simulator/include//mpc_rbt_simulator/RobotConfig.hpp
-- Installing: /home/student/238362_tm/install/mpc_rbt_simulator/include//mpc_rbt_simulator/TiagoDriver.hpp
-- Installing: /home/student/238362_tm/install/mpc_rbt_simulator/share/mpc_rbt_simulator//launch
-- Installing: /home/student/238362_tm/install/mpc_rbt_simulator/share/mpc_rbt_simulator//launch/simulation.launch.py
-- Installing: /home/student/238362_tm/install/mpc_rbt_simulator/share/mpc_rbt_simulator//maps
-- Installing: /home/student/238362_tm/install/mpc_rbt_simulator/share/mpc_rbt_simulator//maps/map.yaml
-- Installing: /home/student/238362_tm/install/mpc_rbt_simulator/share/mpc_rbt_simulator//maps/map.pgm
-- Installing: /home/student/238362_tm/install/mpc_rbt_simulator/share/mpc_rbt_simulator//resources
-- Installing: /home/student/238362_tm/install/mpc_rbt_simulator/share/mpc_rbt_simulator//resources/proto
-- Installing: /home/student/238362_tm/install/mpc_rbt_simulator/share/mpc_rbt_simulator//resources/proto/.TiagoBase.proto.swp
-- Installing: /home/student/238362_tm/install/mpc_rbt_simulator/share/mpc_rbt_simulator//resources/proto/TiagoBase.proto
-- Installing: /home/student/238362_tm/install/mpc_rbt_simulator/share/mpc_rbt_simulator//resources/textures
-- Installing: /home/student/238362_tm/install/mpc_rbt_simulator/share/mpc_rbt_simulator//resources/textures/metal_stainless_clean_roughness.jpg
-- Installing: /home/student/238362_tm/install/mpc_rbt_simulator/share/mpc_rbt_simulator//resources/textures/metal_stainless_clean_base_color.jpg
-- Installing: /home/student/238362_tm/install/mpc_rbt_simulator/share/mpc_rbt_simulator//resources/tiago_plugin.urdf
-- Installing: /home/student/238362_tm/install/mpc_rbt_simulator/share/mpc_rbt_simulator//resources/tiago_model_ros.urdf
-- Installing: /home/student/238362_tm/install/mpc_rbt_simulator/share/mpc_rbt_simulator//resources/meshes
-- Installing: /home/student/238362_tm/install/mpc_rbt_simulator/share/mpc_rbt_simulator//resources/meshes/bumper_shape.obj
-- Installing: /home/student/238362_tm/install/mpc_rbt_simulator/share/mpc_rbt_simulator//resources/meshes/base.obj
-- Installing: /home/student/238362_tm/install/mpc_rbt_simulator/share/mpc_rbt_simulator//resources/meshes/antenna_shape.obj
-- Installing: /home/student/238362_tm/install/mpc_rbt_simulator/share/mpc_rbt_simulator//resources/meshes/small_wheel_shape.obj
-- Installing: /home/student/238362_tm/install/mpc_rbt_simulator/share/mpc_rbt_simulator//resources/meshes/caster_support.obj
-- Installing: /home/student/238362_tm/install/mpc_rbt_simulator/share/mpc_rbt_simulator//resources/meshes/tire.obj
-- Installing: /home/student/238362_tm/install/mpc_rbt_simulator/share/mpc_rbt_simulator//resources/meshes/rim.obj
-- Installing: /home/student/238362_tm/install/mpc_rbt_simulator/share/mpc_rbt_simulator//worlds
-- Installing: /home/student/238362_tm/install/mpc_rbt_simulator/share/mpc_rbt_simulator//worlds/mpc-rbt-warehouse.wbt
-- Installing: /home/student/238362_tm/install/mpc_rbt_simulator/share/mpc_rbt_simulator//worlds/.mpc-rbt-warehouse.wbproj
-- Installing: /home/student/238362_tm/install/mpc_rbt_simulator/share/mpc_rbt_simulator/environment/library_path.sh
-- Installing: /home/student/238362_tm/install/mpc_rbt_simulator/share/mpc_rbt_simulator/environment/library_path.dsv
-- Installing: /home/student/238362_tm/install/mpc_rbt_simulator/share/ament_index/resource_index/package_run_dependencies/mpc_rbt_simulator
-- Installing: /home/student/238362_tm/install/mpc_rbt_simulator/share/ament_index/resource_index/parent_prefix_path/mpc_rbt_simulator
-- Installing: /home/student/238362_tm/install/mpc_rbt_simulator/share/mpc_rbt_simulator/environment/ament_prefix_path.sh
-- Installing: /home/student/238362_tm/install/mpc_rbt_simulator/share/mpc_rbt_simulator/environment/ament_prefix_path.dsv
-- Installing: /home/student/238362_tm/install/mpc_rbt_simulator/share/mpc_rbt_simulator/environment/path.sh
-- Installing: /home/student/238362_tm/install/mpc_rbt_simulator/share/mpc_rbt_simulator/environment/path.dsv
-- Installing: /home/student/238362_tm/install/mpc_rbt_simulator/share/mpc_rbt_simulator/local_setup.bash
-- Installing: /home/student/238362_tm/install/mpc_rbt_simulator/share/mpc_rbt_simulator/local_setup.sh
-- Installing: /home/student/238362_tm/install/mpc_rbt_simulator/share/mpc_rbt_simulator/local_setup.zsh
-- Installing: /home/student/238362_tm/install/mpc_rbt_simulator/share/mpc_rbt_simulator/local_setup.dsv
-- Installing: /home/student/238362_tm/install/mpc_rbt_simulator/share/mpc_rbt_simulator/package.dsv
-- Installing: /home/student/238362_tm/install/mpc_rbt_simulator/share/ament_index/resource_index/packages/mpc_rbt_simulator
-- Installing: /home/student/238362_tm/install/mpc_rbt_simulator/share/ament_index/resource_index/webots_ros2_driver__pluginlib__plugin/mpc_rbt_simulator
-- Installing: /home/student/238362_tm/install/mpc_rbt_simulator/share/mpc_rbt_simulator/cmake/ament_cmake_export_include_directories-extras.cmake
-- Installing: /home/student/238362_tm/install/mpc_rbt_simulator/share/mpc_rbt_simulator/cmake/ament_cmake_export_dependencies-extras.cmake
-- Installing: /home/student/238362_tm/install/mpc_rbt_simulator/share/mpc_rbt_simulator/cmake/ament_cmake_export_libraries-extras.cmake
-- Installing: /home/student/238362_tm/install/mpc_rbt_simulator/share/mpc_rbt_simulator/cmake/mpc_rbt_simulatorConfig.cmake
-- Installing: /home/student/238362_tm/install/mpc_rbt_simulator/share/mpc_rbt_simulator/cmake/mpc_rbt_simulatorConfig-version.cmake
-- Installing: /home/student/238362_tm/install/mpc_rbt_simulator/share/mpc_rbt_simulator/package.xml
