[0.009s] Invoking command in '/home/student/238362_tm/build/mpc_rbt_simulator': CMAKE_PREFIX_PATH=${CMAKE_PREFIX_PATH}:/opt/ros/humble /usr/bin/cmake --build /home/student/238362_tm/build/mpc_rbt_simulator -- -j8 -l8
[0.034s] [35m[1mConsolidate compiler generated dependencies of target gtest_main[0m
[0.034s] [35m[1mConsolidate compiler generated dependencies of target gtest[0m
[0.034s] [35m[1mConsolidate compiler generated dependencies of target mpc_rbt_simulator[0m
[0.041s] [ 50%] Built target gtest
[0.041s] [ 50%] Built target gtest_main
[0.044s] [ 75%] Built target mpc_rbt_simulator
[0.050s] [35m[1mConsolidate compiler generated dependencies of target tiagoDriverTest[0m
[0.059s] [100%] Built target tiagoDriverTest
[0.066s] Invoked command in '/home/student/238362_tm/build/mpc_rbt_simulator' returned '0': CMAKE_PREFIX_PATH=${CMAKE_PREFIX_PATH}:/opt/ros/humble /usr/bin/cmake --build /home/student/238362_tm/build/mpc_rbt_simulator -- -j8 -l8
[0.071s] Invoking command in '/home/student/238362_tm/build/mpc_rbt_simulator': CMAKE_PREFIX_PATH=${CMAKE_PREFIX_PATH}:/opt/ros/humble /usr/bin/cmake --install /home/student/238362_tm/build/mpc_rbt_simulator
[0.075s] -- Install configuration: ""
[0.075s] -- Installing: /home/student/238362_tm/install/mpc_rbt_simulator/share/mpc_rbt_simulator/tiago_driver_plugin.xml
[0.076s] -- Installing: /home/student/238362_tm/install/mpc_rbt_simulator/lib/libmpc_rbt_simulator.so
[0.079s] -- Set runtime path of "/home/student/238362_tm/install/mpc_rbt_simulator/lib/libmpc_rbt_simulator.so" to ""
[0.079s] -- Installing: /home/student/238362_tm/install/mpc_rbt_simulator/include/
[0.079s] -- Installing: /home/student/238362_tm/install/mpc_rbt_simulator/include//mpc_rbt_simulator
[0.079s] -- Installing: /home/student/238362_tm/install/mpc_rbt_simulator/include//mpc_rbt_simulator/RobotConfig.hpp
[0.079s] -- Installing: /home/student/238362_tm/install/mpc_rbt_simulator/include//mpc_rbt_simulator/TiagoDriver.hpp
[0.079s] -- Installing: /home/student/238362_tm/install/mpc_rbt_simulator/share/mpc_rbt_simulator//launch
[0.079s] -- Installing: /home/student/238362_tm/install/mpc_rbt_simulator/share/mpc_rbt_simulator//launch/simulation.launch.py
[0.079s] -- Installing: /home/student/238362_tm/install/mpc_rbt_simulator/share/mpc_rbt_simulator//maps
[0.079s] -- Installing: /home/student/238362_tm/install/mpc_rbt_simulator/share/mpc_rbt_simulator//maps/map.yaml
[0.079s] -- Installing: /home/student/238362_tm/install/mpc_rbt_simulator/share/mpc_rbt_simulator//maps/map.pgm
[0.079s] -- Installing: /home/student/238362_tm/install/mpc_rbt_simulator/share/mpc_rbt_simulator//resources
[0.079s] -- Installing: /home/student/238362_tm/install/mpc_rbt_simulator/share/mpc_rbt_simulator//resources/proto
[0.079s] -- Installing: /home/student/238362_tm/install/mpc_rbt_simulator/share/mpc_rbt_simulator//resources/proto/.TiagoBase.proto.swp
[0.079s] -- Installing: /home/student/238362_tm/install/mpc_rbt_simulator/share/mpc_rbt_simulator//resources/proto/TiagoBase.proto
[0.079s] -- Installing: /home/student/238362_tm/install/mpc_rbt_simulator/share/mpc_rbt_simulator//resources/textures
[0.079s] -- Installing: /home/student/238362_tm/install/mpc_rbt_simulator/share/mpc_rbt_simulator//resources/textures/metal_stainless_clean_roughness.jpg
[0.079s] -- Installing: /home/student/238362_tm/install/mpc_rbt_simulator/share/mpc_rbt_simulator//resources/textures/metal_stainless_clean_base_color.jpg
[0.080s] -- Installing: /home/student/238362_tm/install/mpc_rbt_simulator/share/mpc_rbt_simulator//resources/tiago_plugin.urdf
[0.080s] -- Installing: /home/student/238362_tm/install/mpc_rbt_simulator/share/mpc_rbt_simulator//resources/tiago_model_ros.urdf
[0.080s] -- Installing: /home/student/238362_tm/install/mpc_rbt_simulator/share/mpc_rbt_simulator//resources/meshes
[0.080s] -- Installing: /home/student/238362_tm/install/mpc_rbt_simulator/share/mpc_rbt_simulator//resources/meshes/bumper_shape.obj
[0.080s] -- Installing: /home/student/238362_tm/install/mpc_rbt_simulator/share/mpc_rbt_simulator//resources/meshes/base.obj
[0.080s] -- Installing: /home/student/238362_tm/install/mpc_rbt_simulator/share/mpc_rbt_simulator//resources/meshes/antenna_shape.obj
[0.080s] -- Installing: /home/student/238362_tm/install/mpc_rbt_simulator/share/mpc_rbt_simulator//resources/meshes/small_wheel_shape.obj
[0.080s] -- Installing: /home/student/238362_tm/install/mpc_rbt_simulator/share/mpc_rbt_simulator//resources/meshes/caster_support.obj
[0.080s] -- Installing: /home/student/238362_tm/install/mpc_rbt_simulator/share/mpc_rbt_simulator//resources/meshes/tire.obj
[0.080s] -- Installing: /home/student/238362_tm/install/mpc_rbt_simulator/share/mpc_rbt_simulator//resources/meshes/rim.obj
[0.080s] -- Installing: /home/student/238362_tm/install/mpc_rbt_simulator/share/mpc_rbt_simulator//worlds
[0.080s] -- Installing: /home/student/238362_tm/install/mpc_rbt_simulator/share/mpc_rbt_simulator//worlds/mpc-rbt-warehouse.wbt
[0.080s] -- Installing: /home/student/238362_tm/install/mpc_rbt_simulator/share/mpc_rbt_simulator//worlds/.mpc-rbt-warehouse.wbproj
[0.081s] -- Installing: /home/student/238362_tm/install/mpc_rbt_simulator/share/mpc_rbt_simulator/environment/library_path.sh
[0.081s] -- Installing: /home/student/238362_tm/install/mpc_rbt_simulator/share/mpc_rbt_simulator/environment/library_path.dsv
[0.081s] -- Installing: /home/student/238362_tm/install/mpc_rbt_simulator/share/ament_index/resource_index/package_run_dependencies/mpc_rbt_simulator
[0.081s] -- Installing: /home/student/238362_tm/install/mpc_rbt_simulator/share/ament_index/resource_index/parent_prefix_path/mpc_rbt_simulator
[0.081s] -- Installing: /home/student/238362_tm/install/mpc_rbt_simulator/share/mpc_rbt_simulator/environment/ament_prefix_path.sh
[0.081s] -- Installing: /home/student/238362_tm/install/mpc_rbt_simulator/share/mpc_rbt_simulator/environment/ament_prefix_path.dsv
[0.081s] -- Installing: /home/student/238362_tm/install/mpc_rbt_simulator/share/mpc_rbt_simulator/environment/path.sh
[0.081s] -- Installing: /home/student/238362_tm/install/mpc_rbt_simulator/share/mpc_rbt_simulator/environment/path.dsv
[0.081s] -- Installing: /home/student/238362_tm/install/mpc_rbt_simulator/share/mpc_rbt_simulator/local_setup.bash
[0.081s] -- Installing: /home/student/238362_tm/install/mpc_rbt_simulator/share/mpc_rbt_simulator/local_setup.sh
[0.081s] -- Installing: /home/student/238362_tm/install/mpc_rbt_simulator/share/mpc_rbt_simulator/local_setup.zsh
[0.081s] -- Installing: /home/student/238362_tm/install/mpc_rbt_simulator/share/mpc_rbt_simulator/local_setup.dsv
[0.081s] -- Installing: /home/student/238362_tm/install/mpc_rbt_simulator/share/mpc_rbt_simulator/package.dsv
[0.081s] -- Installing: /home/student/238362_tm/install/mpc_rbt_simulator/share/ament_index/resource_index/packages/mpc_rbt_simulator
[0.081s] -- Installing: /home/student/238362_tm/install/mpc_rbt_simulator/share/ament_index/resource_index/webots_ros2_driver__pluginlib__plugin/mpc_rbt_simulator
[0.081s] -- Installing: /home/student/238362_tm/install/mpc_rbt_simulator/share/mpc_rbt_simulator/cmake/ament_cmake_export_include_directories-extras.cmake
[0.081s] -- Installing: /home/student/238362_tm/install/mpc_rbt_simulator/share/mpc_rbt_simulator/cmake/ament_cmake_export_dependencies-extras.cmake
[0.081s] -- Installing: /home/student/238362_tm/install/mpc_rbt_simulator/share/mpc_rbt_simulator/cmake/ament_cmake_export_libraries-extras.cmake
[0.081s] -- Installing: /home/student/238362_tm/install/mpc_rbt_simulator/share/mpc_rbt_simulator/cmake/mpc_rbt_simulatorConfig.cmake
[0.081s] -- Installing: /home/student/238362_tm/install/mpc_rbt_simulator/share/mpc_rbt_simulator/cmake/mpc_rbt_simulatorConfig-version.cmake
[0.081s] -- Installing: /home/student/238362_tm/install/mpc_rbt_simulator/share/mpc_rbt_simulator/package.xml
[0.083s] Invoked command in '/home/student/238362_tm/build/mpc_rbt_simulator' returned '0': CMAKE_PREFIX_PATH=${CMAKE_PREFIX_PATH}:/opt/ros/humble /usr/bin/cmake --install /home/student/238362_tm/build/mpc_rbt_simulator
