[0.006s] Invoking command in '/home/student/238362_tm/build/mpc_rbt_simulator': CMAKE_PREFIX_PATH=${CMAKE_PREFIX_PATH}:/opt/ros/humble /usr/bin/cmake /home/student/238362_tm/src/mpc-rbt-simulator -DCMAKE_INSTALL_PREFIX=/home/student/238362_tm/install/mpc_rbt_simulator
[0.042s] -- The C compiler identification is GNU 11.4.0
[0.074s] -- The CXX compiler identification is GNU 11.4.0
[0.079s] -- Detecting C compiler ABI info
[0.119s] -- Detecting C compiler ABI info - done
[0.123s] -- Check for working C compiler: /usr/bin/cc - skipped
[0.124s] -- Detecting C compile features
[0.124s] -- Detecting C compile features - done
[0.126s] -- Detecting CXX compiler ABI info
[0.175s] -- Detecting CXX compiler ABI info - done
[0.179s] -- Check for working CXX compiler: /usr/bin/c++ - skipped
[0.179s] -- Detecting CXX compile features
[0.180s] -- Detecting CXX compile features - done
[0.181s] -- Found ament_cmake: 1.3.11 (/opt/ros/humble/share/ament_cmake/cmake)
[0.273s] -- Found Python3: /usr/bin/python3 (found version "3.10.12") found components: Interpreter 
[0.322s] -- Found rclcpp: 16.0.11 (/opt/ros/humble/share/rclcpp/cmake)
[0.345s] -- Found rosidl_generator_c: 3.1.6 (/opt/ros/humble/share/rosidl_generator_c/cmake)
[0.347s] -- Found rosidl_adapter: 3.1.6 (/opt/ros/humble/share/rosidl_adapter/cmake)
[0.352s] -- Found rosidl_generator_cpp: 3.1.6 (/opt/ros/humble/share/rosidl_generator_cpp/cmake)
[0.358s] -- Using all available rosidl_typesupport_c: rosidl_typesupport_fastrtps_c;rosidl_typesupport_introspection_c
[0.367s] -- Using all available rosidl_typesupport_cpp: rosidl_typesupport_fastrtps_cpp;rosidl_typesupport_introspection_cpp
[0.390s] -- Found rmw_implementation_cmake: 6.1.2 (/opt/ros/humble/share/rmw_implementation_cmake/cmake)
[0.391s] -- Found rmw_fastrtps_cpp: 6.2.7 (/opt/ros/humble/share/rmw_fastrtps_cpp/cmake)
[0.436s] -- Found OpenSSL: /usr/lib/x86_64-linux-gnu/libcrypto.so (found version "3.0.2")  
[0.453s] -- Found FastRTPS: /opt/ros/humble/include  
[0.475s] -- Using RMW implementation 'rmw_fastrtps_cpp' as default
[0.479s] -- Looking for pthread.h
[0.519s] -- Looking for pthread.h - found
[0.519s] -- Performing Test CMAKE_HAVE_LIBC_PTHREAD
[0.564s] -- Performing Test CMAKE_HAVE_LIBC_PTHREAD - Success
[0.564s] -- Found Threads: TRUE  
[0.593s] -- Found geometry_msgs: 4.2.4 (/opt/ros/humble/share/geometry_msgs/cmake)
[0.601s] -- Found sensor_msgs: 4.2.4 (/opt/ros/humble/share/sensor_msgs/cmake)
[0.611s] -- Found pluginlib: 5.1.0 (/opt/ros/humble/share/pluginlib/cmake)
[0.624s] -- Found webots_ros2_driver: 2023.1.3 (/opt/ros/humble/share/webots_ros2_driver/cmake)
[0.635s] -- Found eigen3_cmake_module: 0.1.1 (/opt/ros/humble/share/eigen3_cmake_module/cmake)
[0.636s] -- Found Eigen3: TRUE (found version "3.4.0") 
[0.636s] -- Ensuring Eigen3 include directory is part of orocos-kdl CMake target
[0.714s] -- Found nav2_map_server: 1.1.18 (/opt/ros/humble/share/nav2_map_server/cmake)
[0.784s] -- Found nav2_lifecycle_manager: 1.1.18 (/opt/ros/humble/share/nav2_lifecycle_manager/cmake)
[0.815s] -- Found ament_cmake_gtest: 1.3.11 (/opt/ros/humble/share/ament_cmake_gtest/cmake)
[0.818s] -- Found gtest sources under '/opt/ros/humble/src/gtest_vendor': C++ tests using 'Google Test' will be built
[0.862s] -- Configuring done
[0.886s] -- Generating done
[0.891s] -- Build files have been written to: /home/student/238362_tm/build/mpc_rbt_simulator
[0.899s] Invoked command in '/home/student/238362_tm/build/mpc_rbt_simulator' returned '0': CMAKE_PREFIX_PATH=${CMAKE_PREFIX_PATH}:/opt/ros/humble /usr/bin/cmake /home/student/238362_tm/src/mpc-rbt-simulator -DCMAKE_INSTALL_PREFIX=/home/student/238362_tm/install/mpc_rbt_simulator
[0.900s] Invoking command in '/home/student/238362_tm/build/mpc_rbt_simulator': CMAKE_PREFIX_PATH=${CMAKE_PREFIX_PATH}:/opt/ros/humble /usr/bin/cmake --build /home/student/238362_tm/build/mpc_rbt_simulator -- -j8 -l8
[0.932s] [ 37%] [32mBuilding CXX object CMakeFiles/mpc_rbt_simulator.dir/src/TiagoDriver.cpp.o[0m
[0.932s] [ 37%] [32mBuilding CXX object gtest/CMakeFiles/gtest.dir/src/gtest-all.cc.o[0m
[0.932s] [ 37%] [32mBuilding CXX object gtest/CMakeFiles/gtest_main.dir/src/gtest_main.cc.o[0m
[1.314s] [ 50%] [32m[1mLinking CXX static library libgtest_main.a[0m
[1.360s] [ 50%] Built target gtest_main
[2.751s] [ 62%] [32m[1mLinking CXX static library libgtest.a[0m
[2.801s] [ 62%] Built target gtest
[6.295s] [ 75%] [32m[1mLinking CXX shared library libmpc_rbt_simulator.so[0m
[6.636s] [ 75%] Built target mpc_rbt_simulator
[6.649s] [ 87%] [32mBuilding CXX object tests/CMakeFiles/tiagoDriverTest.dir/tiagoDriverTest.cpp.o[0m
[13.257s] [100%] [32m[1mLinking CXX executable tiagoDriverTest[0m
[13.789s] [100%] Built target tiagoDriverTest
