[0.006s] Invoking command in '/home/student/238362_tm/build/mpc_rbt_student': CMAKE_PREFIX_PATH=${CMAKE_PREFIX_PATH}:/opt/ros/humble /usr/bin/cmake --build /home/student/238362_tm/build/mpc_rbt_student -- -j8 -l8
[0.037s] [35m[1mConsolidate compiler generated dependencies of target mpc_rbt_student[0m
[0.046s] [ 25%] [32mBuilding CXX object CMakeFiles/mpc_rbt_student.dir/src/KeyboardControl.cpp.o[0m
[2.396s] [ 50%] [32m[1mLinking CXX shared library libmpc_rbt_student.so[0m
[2.501s] [ 50%] Built target mpc_rbt_student
[2.512s] [ 75%] [32mBuilding CXX object CMakeFiles/keyboard_control.dir/src/keyboard_control_node.cpp.o[0m
[4.028s] [100%] [32m[1mLinking CXX executable keyboard_control[0m
[4.108s] [100%] Built target keyboard_control
[4.114s] Invoked command in '/home/student/238362_tm/build/mpc_rbt_student' returned '0': CMAKE_PREFIX_PATH=${CMAKE_PREFIX_PATH}:/opt/ros/humble /usr/bin/cmake --build /home/student/238362_tm/build/mpc_rbt_student -- -j8 -l8
[4.115s] Invoking command in '/home/student/238362_tm/build/mpc_rbt_student': CMAKE_PREFIX_PATH=${CMAKE_PREFIX_PATH}:/opt/ros/humble /usr/bin/cmake --install /home/student/238362_tm/build/mpc_rbt_student
[4.119s] -- Install configuration: ""
[4.119s] -- Installing: /home/student/238362_tm/install/mpc_rbt_student/lib/libmpc_rbt_student.so
[4.120s] -- Set runtime path of "/home/student/238362_tm/install/mpc_rbt_student/lib/libmpc_rbt_student.so" to ""
[4.120s] -- Installing: /home/student/238362_tm/install/mpc_rbt_student/lib/mpc_rbt_student/keyboard_control
[4.120s] -- Set runtime path of "/home/student/238362_tm/install/mpc_rbt_student/lib/mpc_rbt_student/keyboard_control" to ""
[4.120s] -- Installing: /home/student/238362_tm/install/mpc_rbt_student/share/mpc_rbt_student/environment/library_path.sh
[4.120s] -- Installing: /home/student/238362_tm/install/mpc_rbt_student/share/mpc_rbt_student/environment/library_path.dsv
[4.120s] -- Installing: /home/student/238362_tm/install/mpc_rbt_student/share/ament_index/resource_index/package_run_dependencies/mpc_rbt_student
[4.120s] -- Installing: /home/student/238362_tm/install/mpc_rbt_student/share/ament_index/resource_index/parent_prefix_path/mpc_rbt_student
[4.120s] -- Installing: /home/student/238362_tm/install/mpc_rbt_student/share/mpc_rbt_student/environment/ament_prefix_path.sh
[4.120s] -- Installing: /home/student/238362_tm/install/mpc_rbt_student/share/mpc_rbt_student/environment/ament_prefix_path.dsv
[4.120s] -- Installing: /home/student/238362_tm/install/mpc_rbt_student/share/mpc_rbt_student/environment/path.sh
[4.121s] -- Installing: /home/student/238362_tm/install/mpc_rbt_student/share/mpc_rbt_student/environment/path.dsv
[4.121s] -- Installing: /home/student/238362_tm/install/mpc_rbt_student/share/mpc_rbt_student/local_setup.bash
[4.121s] -- Installing: /home/student/238362_tm/install/mpc_rbt_student/share/mpc_rbt_student/local_setup.sh
[4.121s] -- Installing: /home/student/238362_tm/install/mpc_rbt_student/share/mpc_rbt_student/local_setup.zsh
[4.121s] -- Installing: /home/student/238362_tm/install/mpc_rbt_student/share/mpc_rbt_student/local_setup.dsv
[4.121s] -- Installing: /home/student/238362_tm/install/mpc_rbt_student/share/mpc_rbt_student/package.dsv
[4.121s] -- Installing: /home/student/238362_tm/install/mpc_rbt_student/share/ament_index/resource_index/packages/mpc_rbt_student
[4.121s] -- Installing: /home/student/238362_tm/install/mpc_rbt_student/share/mpc_rbt_student/cmake/ament_cmake_export_include_directories-extras.cmake
[4.121s] -- Installing: /home/student/238362_tm/install/mpc_rbt_student/share/mpc_rbt_student/cmake/ament_cmake_export_dependencies-extras.cmake
[4.121s] -- Installing: /home/student/238362_tm/install/mpc_rbt_student/share/mpc_rbt_student/cmake/ament_cmake_export_libraries-extras.cmake
[4.121s] -- Installing: /home/student/238362_tm/install/mpc_rbt_student/share/mpc_rbt_student/cmake/mpc_rbt_studentConfig.cmake
[4.121s] -- Installing: /home/student/238362_tm/install/mpc_rbt_student/share/mpc_rbt_student/cmake/mpc_rbt_studentConfig-version.cmake
[4.121s] -- Installing: /home/student/238362_tm/install/mpc_rbt_student/share/mpc_rbt_student/package.xml
[4.122s] Invoked command in '/home/student/238362_tm/build/mpc_rbt_student' returned '0': CMAKE_PREFIX_PATH=${CMAKE_PREFIX_PATH}:/opt/ros/humble /usr/bin/cmake --install /home/student/238362_tm/build/mpc_rbt_student
