[ 25%] Built target gtest_main
[ 50%] Built target gtest
[ 75%] Built target mpc_rbt_simulator
[100%] Built target tiagoDriverTest
-- Install configuration: ""
-- Up-to-date: /home/student/238362_tm/install/mpc_rbt_simulator/share/mpc_rbt_simulator/tiago_driver_plugin.xml
-- Up-to-date: /home/student/238362_tm/install/mpc_rbt_simulator/lib/libmpc_rbt_simulator.so
-- Up-to-date: /home/student/238362_tm/install/mpc_rbt_simulator/include/
-- Up-to-date: /home/student/238362_tm/install/mpc_rbt_simulator/include//mpc_rbt_simulator
-- Up-to-date: /home/student/238362_tm/install/mpc_rbt_simulator/include//mpc_rbt_simulator/RobotConfig.hpp
-- Up-to-date: /home/student/238362_tm/install/mpc_rbt_simulator/include//mpc_rbt_simulator/TiagoDriver.hpp
-- Up-to-date: /home/student/238362_tm/install/mpc_rbt_simulator/share/mpc_rbt_simulator//launch
-- Up-to-date: /home/student/238362_tm/install/mpc_rbt_simulator/share/mpc_rbt_simulator//launch/simulation.launch.py
-- Up-to-date: /home/student/238362_tm/install/mpc_rbt_simulator/share/mpc_rbt_simulator//maps
-- Up-to-date: /home/student/238362_tm/install/mpc_rbt_simulator/share/mpc_rbt_simulator//maps/map.yaml
-- Up-to-date: /home/student/238362_tm/install/mpc_rbt_simulator/share/mpc_rbt_simulator//maps/map.pgm
-- Up-to-date: /home/student/238362_tm/install/mpc_rbt_simulator/share/mpc_rbt_simulator//resources
-- Up-to-date: /home/student/238362_tm/install/mpc_rbt_simulator/share/mpc_rbt_simulator//resources/proto
-- Up-to-date: /home/student/238362_tm/install/mpc_rbt_simulator/share/mpc_rbt_simulator//resources/proto/.TiagoBase.proto.swp
-- Up-to-date: /home/student/238362_tm/install/mpc_rbt_simulator/share/mpc_rbt_simulator//resources/proto/TiagoBase.proto
-- Up-to-date: /home/student/238362_tm/install/mpc_rbt_simulator/share/mpc_rbt_simulator//resources/textures
-- Up-to-date: /home/student/238362_tm/install/mpc_rbt_simulator/share/mpc_rbt_simulator//resources/textures/metal_stainless_clean_roughness.jpg
-- Up-to-date: /home/student/238362_tm/install/mpc_rbt_simulator/share/mpc_rbt_simulator//resources/textures/metal_stainless_clean_base_color.jpg
-- Up-to-date: /home/student/238362_tm/install/mpc_rbt_simulator/share/mpc_rbt_simulator//resources/tiago_plugin.urdf
-- Up-to-date: /home/student/238362_tm/install/mpc_rbt_simulator/share/mpc_rbt_simulator//resources/tiago_model_ros.urdf
-- Up-to-date: /home/student/238362_tm/install/mpc_rbt_simulator/share/mpc_rbt_simulator//resources/meshes
-- Up-to-date: /home/student/238362_tm/install/mpc_rbt_simulator/share/mpc_rbt_simulator//resources/meshes/bumper_shape.obj
-- Up-to-date: /home/student/238362_tm/install/mpc_rbt_simulator/share/mpc_rbt_simulator//resources/meshes/base.obj
-- Up-to-date: /home/student/238362_tm/install/mpc_rbt_simulator/share/mpc_rbt_simulator//resources/meshes/antenna_shape.obj
-- Up-to-date: /home/student/238362_tm/install/mpc_rbt_simulator/share/mpc_rbt_simulator//resources/meshes/small_wheel_shape.obj
-- Up-to-date: /home/student/238362_tm/install/mpc_rbt_simulator/share/mpc_rbt_simulator//resources/meshes/caster_support.obj
-- Up-to-date: /home/student/238362_tm/install/mpc_rbt_simulator/share/mpc_rbt_simulator//resources/meshes/tire.obj
-- Up-to-date: /home/student/238362_tm/install/mpc_rbt_simulator/share/mpc_rbt_simulator//resources/meshes/rim.obj
-- Up-to-date: /home/student/238362_tm/install/mpc_rbt_simulator/share/mpc_rbt_simulator//worlds
-- Up-to-date: /home/student/238362_tm/install/mpc_rbt_simulator/share/mpc_rbt_simulator//worlds/mpc-rbt-warehouse.wbt
-- Up-to-date: /home/student/238362_tm/install/mpc_rbt_simulator/share/mpc_rbt_simulator//worlds/.mpc-rbt-warehouse.wbproj
-- Up-to-date: /home/student/238362_tm/install/mpc_rbt_simulator/share/mpc_rbt_simulator/environment/library_path.sh
-- Up-to-date: /home/student/238362_tm/install/mpc_rbt_simulator/share/mpc_rbt_simulator/environment/library_path.dsv
-- Up-to-date: /home/student/238362_tm/install/mpc_rbt_simulator/share/ament_index/resource_index/package_run_dependencies/mpc_rbt_simulator
-- Up-to-date: /home/student/238362_tm/install/mpc_rbt_simulator/share/ament_index/resource_index/parent_prefix_path/mpc_rbt_simulator
-- Up-to-date: /home/student/238362_tm/install/mpc_rbt_simulator/share/mpc_rbt_simulator/environment/ament_prefix_path.sh
-- Up-to-date: /home/student/238362_tm/install/mpc_rbt_simulator/share/mpc_rbt_simulator/environment/ament_prefix_path.dsv
-- Up-to-date: /home/student/238362_tm/install/mpc_rbt_simulator/share/mpc_rbt_simulator/environment/path.sh
-- Up-to-date: /home/student/238362_tm/install/mpc_rbt_simulator/share/mpc_rbt_simulator/environment/path.dsv
-- Up-to-date: /home/student/238362_tm/install/mpc_rbt_simulator/share/mpc_rbt_simulator/local_setup.bash
-- Up-to-date: /home/student/238362_tm/install/mpc_rbt_simulator/share/mpc_rbt_simulator/local_setup.sh
-- Up-to-date: /home/student/238362_tm/install/mpc_rbt_simulator/share/mpc_rbt_simulator/local_setup.zsh
-- Up-to-date: /home/student/238362_tm/install/mpc_rbt_simulator/share/mpc_rbt_simulator/local_setup.dsv
-- Installing: /home/student/238362_tm/install/mpc_rbt_simulator/share/mpc_rbt_simulator/package.dsv
-- Up-to-date: /home/student/238362_tm/install/mpc_rbt_simulator/share/ament_index/resource_index/packages/mpc_rbt_simulator
-- Up-to-date: /home/student/238362_tm/install/mpc_rbt_simulator/share/ament_index/resource_index/webots_ros2_driver__pluginlib__plugin/mpc_rbt_simulator
-- Up-to-date: /home/student/238362_tm/install/mpc_rbt_simulator/share/mpc_rbt_simulator/cmake/ament_cmake_export_include_directories-extras.cmake
-- Up-to-date: /home/student/238362_tm/install/mpc_rbt_simulator/share/mpc_rbt_simulator/cmake/ament_cmake_export_dependencies-extras.cmake
-- Up-to-date: /home/student/238362_tm/install/mpc_rbt_simulator/share/mpc_rbt_simulator/cmake/ament_cmake_export_libraries-extras.cmake
-- Up-to-date: /home/student/238362_tm/install/mpc_rbt_simulator/share/mpc_rbt_simulator/cmake/mpc_rbt_simulatorConfig.cmake
-- Up-to-date: /home/student/238362_tm/install/mpc_rbt_simulator/share/mpc_rbt_simulator/cmake/mpc_rbt_simulatorConfig-version.cmake
-- Up-to-date: /home/student/238362_tm/install/mpc_rbt_simulator/share/mpc_rbt_simulator/package.xml
