[0.006s] Invoking command in '/home/student/238362_tm/build/mpc_rbt_student': CMAKE_PREFIX_PATH=${CMAKE_PREFIX_PATH}:/opt/ros/humble /usr/bin/cmake --build /home/student/238362_tm/build/mpc_rbt_student -- -j8 -l8
[0.021s] -- Found ament_cmake: 1.3.11 (/opt/ros/humble/share/ament_cmake/cmake)
[0.119s] -- Found rclcpp: 16.0.11 (/opt/ros/humble/share/rclcpp/cmake)
[0.136s] -- Found rosidl_generator_c: 3.1.6 (/opt/ros/humble/share/rosidl_generator_c/cmake)
[0.138s] -- Found rosidl_adapter: 3.1.6 (/opt/ros/humble/share/rosidl_adapter/cmake)
[0.141s] -- Found rosidl_generator_cpp: 3.1.6 (/opt/ros/humble/share/rosidl_generator_cpp/cmake)
[0.147s] -- Using all available rosidl_typesupport_c: rosidl_typesupport_fastrtps_c;rosidl_typesupport_introspection_c
[0.154s] -- Using all available rosidl_typesupport_cpp: rosidl_typesupport_fastrtps_cpp;rosidl_typesupport_introspection_cpp
[0.172s] -- Found rmw_implementation_cmake: 6.1.2 (/opt/ros/humble/share/rmw_implementation_cmake/cmake)
[0.173s] -- Found rmw_fastrtps_cpp: 6.2.7 (/opt/ros/humble/share/rmw_fastrtps_cpp/cmake)
[0.230s] -- Using RMW implementation 'rmw_fastrtps_cpp' as default
[0.259s] -- Found geometry_msgs: 4.2.4 (/opt/ros/humble/share/geometry_msgs/cmake)
[0.305s] -- Configuring done
[0.311s] -- Generating done
[0.314s] -- Build files have been written to: /home/student/238362_tm/build/mpc_rbt_student
[0.330s] [35m[1mConsolidate compiler generated dependencies of target mpc_rbt_student[0m
[0.340s] [ 25%] [32mBuilding CXX object CMakeFiles/mpc_rbt_student.dir/src/KeyboardControl.cpp.o[0m
[1.580s] In file included from [01m[K/home/student/238362_tm/src/mpc-rbt-student/src/KeyboardControl.cpp:8[m[K:
[1.580s] [01m[K/home/student/238362_tm/src/mpc-rbt-student/src/../include/KeyboardControl.hpp:22:5:[m[K [01;31m[Kerror: [m[K‘[01m[Krclcpp[m[K’ does not name a type
[1.580s]    22 |     [01;31m[Krclcpp[m[K:Publisher<geometry_msgs::msg::Twist>::SharedPtr twist_publisher_;
[1.580s]       |     [01;31m[K^~~~~~[m[K
[1.585s] [01m[K/home/student/238362_tm/src/mpc-rbt-student/src/KeyboardControl.cpp:[m[K In constructor ‘[01m[KKeyboardControlNode::KeyboardControlNode()[m[K’:
[1.585s] [01m[K/home/student/238362_tm/src/mpc-rbt-student/src/KeyboardControl.cpp:16:3:[m[K [01;31m[Kerror: [m[K‘[01m[Ktwist_publisher_[m[K’ was not declared in this scope; did you mean ‘[01m[Kcount_publishers[m[K’?
[1.585s]    16 |   [01;31m[Ktwist_publisher_[m[K = this->create_publisher<geometry_msgs::msg::Twist>("cmd_vel", 1);
[1.585s]       |   [01;31m[K^~~~~~~~~~~~~~~~[m[K
[1.585s]       |   [32m[Kcount_publishers[m[K
[1.588s] [01m[K/home/student/238362_tm/src/mpc-rbt-student/src/KeyboardControl.cpp:18:74:[m[K [01;31m[Kerror: [m[K‘[01m[Ktimer_callback[m[K’ is not a member of ‘[01m[KKeyboardControlNode[m[K’
[1.588s]    18 |   timer_ = this->create_wall_timer(10ms, std::bind(&KeyboardControlNode::[01;31m[Ktimer_callback[m[K, this));
[1.588s]       |                                                                          [01;31m[K^~~~~~~~~~~~~~[m[K
[1.591s] [01m[K/home/student/238362_tm/src/mpc-rbt-student/src/KeyboardControl.cpp:24:3:[m[K [01;31m[Kerror: [m[K‘[01m[Ktcsetsttr[m[K’ was not declared in this scope; did you mean ‘[01m[Ktcsetattr[m[K’?
[1.591s]    24 |   [01;31m[Ktcsetsttr[m[K(STDIN_FILENO, TCSANOW, &new_termios);
[1.591s]       |   [01;31m[K^~~~~~~~~[m[K
[1.591s]       |   [32m[Ktcsetattr[m[K
[1.596s] [01m[K/home/student/238362_tm/src/mpc-rbt-student/src/KeyboardControl.cpp:[m[K In member function ‘[01m[Kvoid KeyboardControlNode::timerCallback()[m[K’:
[1.596s] [01m[K/home/student/238362_tm/src/mpc-rbt-student/src/KeyboardControl.cpp:76:15:[m[K [01;31m[Kerror: [m[K‘[01m[Ktwist_publisher_[m[K’ was not declared in this scope; did you mean ‘[01m[Kcount_publishers[m[K’?
[1.596s]    76 |               [01;31m[Ktwist_publisher_[m[K->publish(twist);
[1.596s]       |               [01;31m[K^~~~~~~~~~~~~~~~[m[K
[1.596s]       |               [32m[Kcount_publishers[m[K
[1.955s] gmake[2]: *** [CMakeFiles/mpc_rbt_student.dir/build.make:76: CMakeFiles/mpc_rbt_student.dir/src/KeyboardControl.cpp.o] Error 1
[1.955s] gmake[1]: *** [CMakeFiles/Makefile2:139: CMakeFiles/mpc_rbt_student.dir/all] Error 2
[1.955s] gmake: *** [Makefile:146: all] Error 2
[1.957s] Invoked command in '/home/student/238362_tm/build/mpc_rbt_student' returned '2': CMAKE_PREFIX_PATH=${CMAKE_PREFIX_PATH}:/opt/ros/humble /usr/bin/cmake --build /home/student/238362_tm/build/mpc_rbt_student -- -j8 -l8
