-- The C compiler identification is GNU 11.4.0
-- The CXX compiler identification is GNU 11.4.0
-- Detecting C compiler ABI info
-- Detecting C compiler ABI info - done
-- Check for working C compiler: /usr/bin/cc - skipped
-- Detecting C compile features
-- Detecting C compile features - done
-- Detecting CXX compiler ABI info
-- Detecting CXX compiler ABI info - done
-- Check for working CXX compiler: /usr/bin/c++ - skipped
-- Detecting CXX compile features
-- Detecting CXX compile features - done
-- Found ament_cmake: 1.3.11 (/opt/ros/humble/share/ament_cmake/cmake)
-- Found Python3: /usr/bin/python3 (found version "3.10.12") found components: Interpreter 
-- Found rclcpp: 16.0.11 (/opt/ros/humble/share/rclcpp/cmake)
-- Found rosidl_generator_c: 3.1.6 (/opt/ros/humble/share/rosidl_generator_c/cmake)
-- Found rosidl_adapter: 3.1.6 (/opt/ros/humble/share/rosidl_adapter/cmake)
-- Found rosidl_generator_cpp: 3.1.6 (/opt/ros/humble/share/rosidl_generator_cpp/cmake)
-- Using all available rosidl_typesupport_c: rosidl_typesupport_fastrtps_c;rosidl_typesupport_introspection_c
-- Using all available rosidl_typesupport_cpp: rosidl_typesupport_fastrtps_cpp;rosidl_typesupport_introspection_cpp
-- Found rmw_implementation_cmake: 6.1.2 (/opt/ros/humble/share/rmw_implementation_cmake/cmake)
-- Found rmw_fastrtps_cpp: 6.2.7 (/opt/ros/humble/share/rmw_fastrtps_cpp/cmake)
-- Found OpenSSL: /usr/lib/x86_64-linux-gnu/libcrypto.so (found version "3.0.2")  
-- Found FastRTPS: /opt/ros/humble/include  
-- Using RMW implementation 'rmw_fastrtps_cpp' as default
-- Looking for pthread.h
-- Looking for pthread.h - found
-- Performing Test CMAKE_HAVE_LIBC_PTHREAD
-- Performing Test CMAKE_HAVE_LIBC_PTHREAD - Success
-- Found Threads: TRUE  
-- Found geometry_msgs: 4.2.4 (/opt/ros/humble/share/geometry_msgs/cmake)
-- Found sensor_msgs: 4.2.4 (/opt/ros/humble/share/sensor_msgs/cmake)
-- Found pluginlib: 5.1.0 (/opt/ros/humble/share/pluginlib/cmake)
-- Found webots_ros2_driver: 2023.1.3 (/opt/ros/humble/share/webots_ros2_driver/cmake)
-- Found eigen3_cmake_module: 0.1.1 (/opt/ros/humble/share/eigen3_cmake_module/cmake)
-- Found Eigen3: TRUE (found version "3.4.0") 
-- Ensuring Eigen3 include directory is part of orocos-kdl CMake target
-- Found nav2_map_server: 1.1.18 (/opt/ros/humble/share/nav2_map_server/cmake)
-- Found nav2_lifecycle_manager: 1.1.18 (/opt/ros/humble/share/nav2_lifecycle_manager/cmake)
-- Found ament_cmake_gtest: 1.3.11 (/opt/ros/humble/share/ament_cmake_gtest/cmake)
-- Found gtest sources under '/opt/ros/humble/src/gtest_vendor': C++ tests using 'Google Test' will be built
-- Configuring done
-- Generating done
-- Build files have been written to: /home/student/238362_tm/build/mpc_rbt_simulator
[35m[1mConsolidate compiler generated dependencies of target gtest_main[0m
[35m[1mConsolidate compiler generated dependencies of target gtest[0m
[35m[1mConsolidate compiler generated dependencies of target mpc_rbt_simulator[0m
[ 50%] Built target gtest_main
[ 50%] Built target gtest
[ 75%] Built target mpc_rbt_simulator
[35m[1mConsolidate compiler generated dependencies of target tiagoDriverTest[0m
[100%] Built target tiagoDriverTest
-- Install configuration: ""
-- Up-to-date: /home/student/238362_tm/install/mpc_rbt_simulator/share/mpc_rbt_simulator/tiago_driver_plugin.xml
-- Up-to-date: /home/student/238362_tm/install/mpc_rbt_simulator/lib/libmpc_rbt_simulator.so
-- Up-to-date: /home/student/238362_tm/install/mpc_rbt_simulator/include/
-- Up-to-date: /home/student/238362_tm/install/mpc_rbt_simulator/include//mpc_rbt_simulator
-- Up-to-date: /home/student/238362_tm/install/mpc_rbt_simulator/include//mpc_rbt_simulator/RobotConfig.hpp
-- Up-to-date: /home/student/238362_tm/install/mpc_rbt_simulator/include//mpc_rbt_simulator/TiagoDriver.hpp
-- Up-to-date: /home/student/238362_tm/install/mpc_rbt_simulator/share/mpc_rbt_simulator//launch
-- Up-to-date: /home/student/238362_tm/install/mpc_rbt_simulator/share/mpc_rbt_simulator//launch/simulation.launch.py
-- Up-to-date: /home/student/238362_tm/install/mpc_rbt_simulator/share/mpc_rbt_simulator//maps
-- Up-to-date: /home/student/238362_tm/install/mpc_rbt_simulator/share/mpc_rbt_simulator//maps/map.yaml
-- Up-to-date: /home/student/238362_tm/install/mpc_rbt_simulator/share/mpc_rbt_simulator//maps/map.pgm
-- Up-to-date: /home/student/238362_tm/install/mpc_rbt_simulator/share/mpc_rbt_simulator//resources
-- Up-to-date: /home/student/238362_tm/install/mpc_rbt_simulator/share/mpc_rbt_simulator//resources/proto
-- Up-to-date: /home/student/238362_tm/install/mpc_rbt_simulator/share/mpc_rbt_simulator//resources/proto/.TiagoBase.proto.swp
-- Up-to-date: /home/student/238362_tm/install/mpc_rbt_simulator/share/mpc_rbt_simulator//resources/proto/TiagoBase.proto
-- Up-to-date: /home/student/238362_tm/install/mpc_rbt_simulator/share/mpc_rbt_simulator//resources/textures
-- Up-to-date: /home/student/238362_tm/install/mpc_rbt_simulator/share/mpc_rbt_simulator//resources/textures/metal_stainless_clean_roughness.jpg
-- Up-to-date: /home/student/238362_tm/install/mpc_rbt_simulator/share/mpc_rbt_simulator//resources/textures/metal_stainless_clean_base_color.jpg
-- Up-to-date: /home/student/238362_tm/install/mpc_rbt_simulator/share/mpc_rbt_simulator//resources/tiago_plugin.urdf
-- Up-to-date: /home/student/238362_tm/install/mpc_rbt_simulator/share/mpc_rbt_simulator//resources/tiago_model_ros.urdf
-- Up-to-date: /home/student/238362_tm/install/mpc_rbt_simulator/share/mpc_rbt_simulator//resources/meshes
-- Up-to-date: /home/student/238362_tm/install/mpc_rbt_simulator/share/mpc_rbt_simulator//resources/meshes/bumper_shape.obj
-- Up-to-date: /home/student/238362_tm/install/mpc_rbt_simulator/share/mpc_rbt_simulator//resources/meshes/base.obj
-- Up-to-date: /home/student/238362_tm/install/mpc_rbt_simulator/share/mpc_rbt_simulator//resources/meshes/antenna_shape.obj
-- Up-to-date: /home/student/238362_tm/install/mpc_rbt_simulator/share/mpc_rbt_simulator//resources/meshes/small_wheel_shape.obj
-- Up-to-date: /home/student/238362_tm/install/mpc_rbt_simulator/share/mpc_rbt_simulator//resources/meshes/caster_support.obj
-- Up-to-date: /home/student/238362_tm/install/mpc_rbt_simulator/share/mpc_rbt_simulator//resources/meshes/tire.obj
-- Up-to-date: /home/student/238362_tm/install/mpc_rbt_simulator/share/mpc_rbt_simulator//resources/meshes/rim.obj
-- Up-to-date: /home/student/238362_tm/install/mpc_rbt_simulator/share/mpc_rbt_simulator//worlds
-- Up-to-date: /home/student/238362_tm/install/mpc_rbt_simulator/share/mpc_rbt_simulator//worlds/mpc-rbt-warehouse.wbt
-- Up-to-date: /home/student/238362_tm/install/mpc_rbt_simulator/share/mpc_rbt_simulator//worlds/.mpc-rbt-warehouse.wbproj
-- Up-to-date: /home/student/238362_tm/install/mpc_rbt_simulator/share/mpc_rbt_simulator/environment/library_path.sh
-- Installing: /home/student/238362_tm/install/mpc_rbt_simulator/share/mpc_rbt_simulator/environment/library_path.dsv
-- Up-to-date: /home/student/238362_tm/install/mpc_rbt_simulator/share/ament_index/resource_index/package_run_dependencies/mpc_rbt_simulator
-- Up-to-date: /home/student/238362_tm/install/mpc_rbt_simulator/share/ament_index/resource_index/parent_prefix_path/mpc_rbt_simulator
-- Up-to-date: /home/student/238362_tm/install/mpc_rbt_simulator/share/mpc_rbt_simulator/environment/ament_prefix_path.sh
-- Installing: /home/student/238362_tm/install/mpc_rbt_simulator/share/mpc_rbt_simulator/environment/ament_prefix_path.dsv
-- Up-to-date: /home/student/238362_tm/install/mpc_rbt_simulator/share/mpc_rbt_simulator/environment/path.sh
-- Installing: /home/student/238362_tm/install/mpc_rbt_simulator/share/mpc_rbt_simulator/environment/path.dsv
-- Up-to-date: /home/student/238362_tm/install/mpc_rbt_simulator/share/mpc_rbt_simulator/local_setup.bash
-- Up-to-date: /home/student/238362_tm/install/mpc_rbt_simulator/share/mpc_rbt_simulator/local_setup.sh
-- Up-to-date: /home/student/238362_tm/install/mpc_rbt_simulator/share/mpc_rbt_simulator/local_setup.zsh
-- Installing: /home/student/238362_tm/install/mpc_rbt_simulator/share/mpc_rbt_simulator/local_setup.dsv
-- Installing: /home/student/238362_tm/install/mpc_rbt_simulator/share/mpc_rbt_simulator/package.dsv
-- Up-to-date: /home/student/238362_tm/install/mpc_rbt_simulator/share/ament_index/resource_index/packages/mpc_rbt_simulator
-- Up-to-date: /home/student/238362_tm/install/mpc_rbt_simulator/share/ament_index/resource_index/webots_ros2_driver__pluginlib__plugin/mpc_rbt_simulator
-- Up-to-date: /home/student/238362_tm/install/mpc_rbt_simulator/share/mpc_rbt_simulator/cmake/ament_cmake_export_include_directories-extras.cmake
-- Up-to-date: /home/student/238362_tm/install/mpc_rbt_simulator/share/mpc_rbt_simulator/cmake/ament_cmake_export_dependencies-extras.cmake
-- Up-to-date: /home/student/238362_tm/install/mpc_rbt_simulator/share/mpc_rbt_simulator/cmake/ament_cmake_export_libraries-extras.cmake
-- Up-to-date: /home/student/238362_tm/install/mpc_rbt_simulator/share/mpc_rbt_simulator/cmake/mpc_rbt_simulatorConfig.cmake
-- Up-to-date: /home/student/238362_tm/install/mpc_rbt_simulator/share/mpc_rbt_simulator/cmake/mpc_rbt_simulatorConfig-version.cmake
-- Up-to-date: /home/student/238362_tm/install/mpc_rbt_simulator/share/mpc_rbt_simulator/package.xml
