[0.007s] Invoking command in '/home/student/238362_tm/build/mpc_rbt_simulator': CMAKE_PREFIX_PATH=${CMAKE_PREFIX_PATH}:/opt/ros/humble /usr/bin/cmake /home/student/238362_tm/src/mpc-rbt-simulator -DCMAKE_INSTALL_PREFIX=/home/student/238362_tm/install/mpc_rbt_simulator
[0.043s] -- The C compiler identification is GNU 11.4.0
[0.075s] -- The CXX compiler identification is GNU 11.4.0
[0.080s] -- Detecting C compiler ABI info
[0.120s] -- Detecting C compiler ABI info - done
[0.125s] -- Check for working C compiler: /usr/bin/cc - skipped
[0.125s] -- Detecting C compile features
[0.126s] -- Detecting C compile features - done
[0.128s] -- Detecting CXX compiler ABI info
[0.176s] -- Detecting CXX compiler ABI info - done
[0.180s] -- Check for working CXX compiler: /usr/bin/c++ - skipped
[0.180s] -- Detecting CXX compile features
[0.181s] -- Detecting CXX compile features - done
[0.182s] -- Found ament_cmake: 1.3.11 (/opt/ros/humble/share/ament_cmake/cmake)
[0.274s] -- Found Python3: /usr/bin/python3 (found version "3.10.12") found components: Interpreter 
[0.324s] -- Found rclcpp: 16.0.11 (/opt/ros/humble/share/rclcpp/cmake)
[0.351s] -- Found rosidl_generator_c: 3.1.6 (/opt/ros/humble/share/rosidl_generator_c/cmake)
[0.353s] -- Found rosidl_adapter: 3.1.6 (/opt/ros/humble/share/rosidl_adapter/cmake)
[0.358s] -- Found rosidl_generator_cpp: 3.1.6 (/opt/ros/humble/share/rosidl_generator_cpp/cmake)
[0.364s] -- Using all available rosidl_typesupport_c: rosidl_typesupport_fastrtps_c;rosidl_typesupport_introspection_c
[0.373s] -- Using all available rosidl_typesupport_cpp: rosidl_typesupport_fastrtps_cpp;rosidl_typesupport_introspection_cpp
[0.398s] -- Found rmw_implementation_cmake: 6.1.2 (/opt/ros/humble/share/rmw_implementation_cmake/cmake)
[0.399s] -- Found rmw_fastrtps_cpp: 6.2.7 (/opt/ros/humble/share/rmw_fastrtps_cpp/cmake)
[0.445s] -- Found OpenSSL: /usr/lib/x86_64-linux-gnu/libcrypto.so (found version "3.0.2")  
[0.460s] -- Found FastRTPS: /opt/ros/humble/include  
[0.482s] -- Using RMW implementation 'rmw_fastrtps_cpp' as default
[0.486s] -- Looking for pthread.h
[0.528s] -- Looking for pthread.h - found
[0.528s] -- Performing Test CMAKE_HAVE_LIBC_PTHREAD
[0.574s] -- Performing Test CMAKE_HAVE_LIBC_PTHREAD - Success
[0.575s] -- Found Threads: TRUE  
[0.617s] -- Found geometry_msgs: 4.2.4 (/opt/ros/humble/share/geometry_msgs/cmake)
[0.625s] -- Found sensor_msgs: 4.2.4 (/opt/ros/humble/share/sensor_msgs/cmake)
[0.636s] -- Found pluginlib: 5.1.0 (/opt/ros/humble/share/pluginlib/cmake)
[0.649s] -- Found webots_ros2_driver: 2023.1.3 (/opt/ros/humble/share/webots_ros2_driver/cmake)
[0.659s] -- Found eigen3_cmake_module: 0.1.1 (/opt/ros/humble/share/eigen3_cmake_module/cmake)
[0.660s] -- Found Eigen3: TRUE (found version "3.4.0") 
[0.660s] -- Ensuring Eigen3 include directory is part of orocos-kdl CMake target
[0.740s] -- Found nav2_map_server: 1.1.18 (/opt/ros/humble/share/nav2_map_server/cmake)
[0.807s] -- Found nav2_lifecycle_manager: 1.1.18 (/opt/ros/humble/share/nav2_lifecycle_manager/cmake)
[0.839s] -- Found ament_cmake_gtest: 1.3.11 (/opt/ros/humble/share/ament_cmake_gtest/cmake)
[0.842s] -- Found gtest sources under '/opt/ros/humble/src/gtest_vendor': C++ tests using 'Google Test' will be built
[0.883s] -- Configuring done
[0.907s] -- Generating done
[0.912s] -- Build files have been written to: /home/student/238362_tm/build/mpc_rbt_simulator
[0.920s] Invoked command in '/home/student/238362_tm/build/mpc_rbt_simulator' returned '0': CMAKE_PREFIX_PATH=${CMAKE_PREFIX_PATH}:/opt/ros/humble /usr/bin/cmake /home/student/238362_tm/src/mpc-rbt-simulator -DCMAKE_INSTALL_PREFIX=/home/student/238362_tm/install/mpc_rbt_simulator
[0.921s] Invoking command in '/home/student/238362_tm/build/mpc_rbt_simulator': CMAKE_PREFIX_PATH=${CMAKE_PREFIX_PATH}:/opt/ros/humble /usr/bin/cmake --build /home/student/238362_tm/build/mpc_rbt_simulator -- -j8 -l8
[0.950s] [35m[1mConsolidate compiler generated dependencies of target gtest_main[0m
[0.951s] [35m[1mConsolidate compiler generated dependencies of target gtest[0m
[0.951s] [35m[1mConsolidate compiler generated dependencies of target mpc_rbt_simulator[0m
[0.958s] [ 50%] Built target gtest_main
[0.958s] [ 50%] Built target gtest
[0.960s] [ 75%] Built target mpc_rbt_simulator
[0.967s] [35m[1mConsolidate compiler generated dependencies of target tiagoDriverTest[0m
[0.977s] [100%] Built target tiagoDriverTest
[0.983s] Invoked command in '/home/student/238362_tm/build/mpc_rbt_simulator' returned '0': CMAKE_PREFIX_PATH=${CMAKE_PREFIX_PATH}:/opt/ros/humble /usr/bin/cmake --build /home/student/238362_tm/build/mpc_rbt_simulator -- -j8 -l8
[0.989s] Invoking command in '/home/student/238362_tm/build/mpc_rbt_simulator': CMAKE_PREFIX_PATH=${CMAKE_PREFIX_PATH}:/opt/ros/humble /usr/bin/cmake --install /home/student/238362_tm/build/mpc_rbt_simulator
[0.994s] -- Install configuration: ""
[0.994s] -- Up-to-date: /home/student/238362_tm/install/mpc_rbt_simulator/share/mpc_rbt_simulator/tiago_driver_plugin.xml
[0.994s] -- Up-to-date: /home/student/238362_tm/install/mpc_rbt_simulator/lib/libmpc_rbt_simulator.so
[0.994s] -- Up-to-date: /home/student/238362_tm/install/mpc_rbt_simulator/include/
[0.994s] -- Up-to-date: /home/student/238362_tm/install/mpc_rbt_simulator/include//mpc_rbt_simulator
[0.994s] -- Up-to-date: /home/student/238362_tm/install/mpc_rbt_simulator/include//mpc_rbt_simulator/RobotConfig.hpp
[0.994s] -- Up-to-date: /home/student/238362_tm/install/mpc_rbt_simulator/include//mpc_rbt_simulator/TiagoDriver.hpp
[0.994s] -- Up-to-date: /home/student/238362_tm/install/mpc_rbt_simulator/share/mpc_rbt_simulator//launch
[0.994s] -- Up-to-date: /home/student/238362_tm/install/mpc_rbt_simulator/share/mpc_rbt_simulator//launch/simulation.launch.py
[0.994s] -- Up-to-date: /home/student/238362_tm/install/mpc_rbt_simulator/share/mpc_rbt_simulator//maps
[0.994s] -- Up-to-date: /home/student/238362_tm/install/mpc_rbt_simulator/share/mpc_rbt_simulator//maps/map.yaml
[0.994s] -- Up-to-date: /home/student/238362_tm/install/mpc_rbt_simulator/share/mpc_rbt_simulator//maps/map.pgm
[0.994s] -- Up-to-date: /home/student/238362_tm/install/mpc_rbt_simulator/share/mpc_rbt_simulator//resources
[0.994s] -- Up-to-date: /home/student/238362_tm/install/mpc_rbt_simulator/share/mpc_rbt_simulator//resources/proto
[0.994s] -- Up-to-date: /home/student/238362_tm/install/mpc_rbt_simulator/share/mpc_rbt_simulator//resources/proto/.TiagoBase.proto.swp
[0.994s] -- Up-to-date: /home/student/238362_tm/install/mpc_rbt_simulator/share/mpc_rbt_simulator//resources/proto/TiagoBase.proto
[0.995s] -- Up-to-date: /home/student/238362_tm/install/mpc_rbt_simulator/share/mpc_rbt_simulator//resources/textures
[0.995s] -- Up-to-date: /home/student/238362_tm/install/mpc_rbt_simulator/share/mpc_rbt_simulator//resources/textures/metal_stainless_clean_roughness.jpg
[0.995s] -- Up-to-date: /home/student/238362_tm/install/mpc_rbt_simulator/share/mpc_rbt_simulator//resources/textures/metal_stainless_clean_base_color.jpg
[0.995s] -- Up-to-date: /home/student/238362_tm/install/mpc_rbt_simulator/share/mpc_rbt_simulator//resources/tiago_plugin.urdf
[0.995s] -- Up-to-date: /home/student/238362_tm/install/mpc_rbt_simulator/share/mpc_rbt_simulator//resources/tiago_model_ros.urdf
[0.995s] -- Up-to-date: /home/student/238362_tm/install/mpc_rbt_simulator/share/mpc_rbt_simulator//resources/meshes
[0.995s] -- Up-to-date: /home/student/238362_tm/install/mpc_rbt_simulator/share/mpc_rbt_simulator//resources/meshes/bumper_shape.obj
[0.995s] -- Up-to-date: /home/student/238362_tm/install/mpc_rbt_simulator/share/mpc_rbt_simulator//resources/meshes/base.obj
[0.995s] -- Up-to-date: /home/student/238362_tm/install/mpc_rbt_simulator/share/mpc_rbt_simulator//resources/meshes/antenna_shape.obj
[0.995s] -- Up-to-date: /home/student/238362_tm/install/mpc_rbt_simulator/share/mpc_rbt_simulator//resources/meshes/small_wheel_shape.obj
[0.995s] -- Up-to-date: /home/student/238362_tm/install/mpc_rbt_simulator/share/mpc_rbt_simulator//resources/meshes/caster_support.obj
[0.995s] -- Up-to-date: /home/student/238362_tm/install/mpc_rbt_simulator/share/mpc_rbt_simulator//resources/meshes/tire.obj
[0.995s] -- Up-to-date: /home/student/238362_tm/install/mpc_rbt_simulator/share/mpc_rbt_simulator//resources/meshes/rim.obj
[0.995s] -- Up-to-date: /home/student/238362_tm/install/mpc_rbt_simulator/share/mpc_rbt_simulator//worlds
[0.995s] -- Up-to-date: /home/student/238362_tm/install/mpc_rbt_simulator/share/mpc_rbt_simulator//worlds/mpc-rbt-warehouse.wbt
[0.995s] -- Up-to-date: /home/student/238362_tm/install/mpc_rbt_simulator/share/mpc_rbt_simulator//worlds/.mpc-rbt-warehouse.wbproj
[0.995s] -- Up-to-date: /home/student/238362_tm/install/mpc_rbt_simulator/share/mpc_rbt_simulator/environment/library_path.sh
[0.995s] -- Installing: /home/student/238362_tm/install/mpc_rbt_simulator/share/mpc_rbt_simulator/environment/library_path.dsv
[0.995s] -- Up-to-date: /home/student/238362_tm/install/mpc_rbt_simulator/share/ament_index/resource_index/package_run_dependencies/mpc_rbt_simulator
[0.995s] -- Up-to-date: /home/student/238362_tm/install/mpc_rbt_simulator/share/ament_index/resource_index/parent_prefix_path/mpc_rbt_simulator
[0.995s] -- Up-to-date: /home/student/238362_tm/install/mpc_rbt_simulator/share/mpc_rbt_simulator/environment/ament_prefix_path.sh
[0.995s] -- Installing: /home/student/238362_tm/install/mpc_rbt_simulator/share/mpc_rbt_simulator/environment/ament_prefix_path.dsv
[0.995s] -- Up-to-date: /home/student/238362_tm/install/mpc_rbt_simulator/share/mpc_rbt_simulator/environment/path.sh
[0.995s] -- Installing: /home/student/238362_tm/install/mpc_rbt_simulator/share/mpc_rbt_simulator/environment/path.dsv
[0.995s] -- Up-to-date: /home/student/238362_tm/install/mpc_rbt_simulator/share/mpc_rbt_simulator/local_setup.bash
[0.995s] -- Up-to-date: /home/student/238362_tm/install/mpc_rbt_simulator/share/mpc_rbt_simulator/local_setup.sh
[0.995s] -- Up-to-date: /home/student/238362_tm/install/mpc_rbt_simulator/share/mpc_rbt_simulator/local_setup.zsh
[0.995s] -- Installing: /home/student/238362_tm/install/mpc_rbt_simulator/share/mpc_rbt_simulator/local_setup.dsv
[0.995s] -- Installing: /home/student/238362_tm/install/mpc_rbt_simulator/share/mpc_rbt_simulator/package.dsv
[0.995s] -- Up-to-date: /home/student/238362_tm/install/mpc_rbt_simulator/share/ament_index/resource_index/packages/mpc_rbt_simulator
[0.995s] -- Up-to-date: /home/student/238362_tm/install/mpc_rbt_simulator/share/ament_index/resource_index/webots_ros2_driver__pluginlib__plugin/mpc_rbt_simulator
[0.995s] -- Up-to-date: /home/student/238362_tm/install/mpc_rbt_simulator/share/mpc_rbt_simulator/cmake/ament_cmake_export_include_directories-extras.cmake
[0.995s] -- Up-to-date: /home/student/238362_tm/install/mpc_rbt_simulator/share/mpc_rbt_simulator/cmake/ament_cmake_export_dependencies-extras.cmake
[0.995s] -- Up-to-date: /home/student/238362_tm/install/mpc_rbt_simulator/share/mpc_rbt_simulator/cmake/ament_cmake_export_libraries-extras.cmake
[0.996s] -- Up-to-date: /home/student/238362_tm/install/mpc_rbt_simulator/share/mpc_rbt_simulator/cmake/mpc_rbt_simulatorConfig.cmake
[0.996s] -- Up-to-date: /home/student/238362_tm/install/mpc_rbt_simulator/share/mpc_rbt_simulator/cmake/mpc_rbt_simulatorConfig-version.cmake
[0.996s] -- Up-to-date: /home/student/238362_tm/install/mpc_rbt_simulator/share/mpc_rbt_simulator/package.xml
[0.996s] Invoked command in '/home/student/238362_tm/build/mpc_rbt_simulator' returned '0': CMAKE_PREFIX_PATH=${CMAKE_PREFIX_PATH}:/opt/ros/humble /usr/bin/cmake --install /home/student/238362_tm/build/mpc_rbt_simulator
