[0.058s] DEBUG:colcon:Command line arguments: ['/usr/bin/colcon', 'build']
[0.059s] DEBUG:colcon:Parsed command line arguments: Namespace(log_base=None, log_level=None, verb_name='build', build_base='build', install_base='install', merge_install=False, symlink_install=False, test_result_base=None, continue_on_error=False, executor='parallel', parallel_workers=8, event_handlers=None, ignore_user_meta=False, metas=['./colcon.meta'], base_paths=['.'], packages_ignore=None, packages_ignore_regex=None, paths=None, packages_up_to=None, packages_up_to_regex=None, packages_above=None, packages_above_and_dependencies=None, packages_above_depth=None, packages_select_by_dep=None, packages_skip_by_dep=None, packages_skip_up_to=None, packages_select_build_failed=False, packages_skip_build_finished=False, packages_select_test_failures=False, packages_skip_test_passed=False, packages_select=None, packages_skip=None, packages_select_regex=None, packages_skip_regex=None, packages_start=None, packages_end=None, allow_overriding=[], cmake_args=None, cmake_target=None, cmake_target_skip_unavailable=False, cmake_clean_cache=False, cmake_clean_first=False, cmake_force_configure=False, ament_cmake_args=None, catkin_cmake_args=None, catkin_skip_building_tests=False, mixin_files=None, mixin=None, verb_parser=<colcon_mixin.mixin.mixin_argument.MixinArgumentDecorator object at 0x7950e495c8e0>, verb_extension=<colcon_core.verb.build.BuildVerb object at 0x7950e4927e20>, main=<bound method BuildVerb.main of <colcon_core.verb.build.BuildVerb object at 0x7950e4927e20>>, mixin_verb=('build',))
[0.141s] Level 1:colcon.colcon_core.package_discovery:discover_packages(colcon_meta) check parameters
[0.141s] Level 1:colcon.colcon_core.package_discovery:discover_packages(recursive) check parameters
[0.141s] Level 1:colcon.colcon_core.package_discovery:discover_packages(ignore) check parameters
[0.141s] Level 1:colcon.colcon_core.package_discovery:discover_packages(path) check parameters
[0.141s] Level 1:colcon.colcon_core.package_discovery:discover_packages(colcon_meta) discover
[0.141s] Level 1:colcon.colcon_core.package_discovery:discover_packages(recursive) discover
[0.141s] INFO:colcon.colcon_core.package_discovery:Crawling recursively for packages in '/home/student/238362_tm'
[0.141s] Level 1:colcon.colcon_core.package_identification:_identify(.) by extensions ['ignore', 'ignore_ament_install']
[0.141s] Level 1:colcon.colcon_core.package_identification:_identify(.) by extension 'ignore'
[0.141s] Level 1:colcon.colcon_core.package_identification:_identify(.) by extension 'ignore_ament_install'
[0.141s] Level 1:colcon.colcon_core.package_identification:_identify(.) by extensions ['colcon_pkg']
[0.141s] Level 1:colcon.colcon_core.package_identification:_identify(.) by extension 'colcon_pkg'
[0.141s] Level 1:colcon.colcon_core.package_identification:_identify(.) by extensions ['colcon_meta']
[0.141s] Level 1:colcon.colcon_core.package_identification:_identify(.) by extension 'colcon_meta'
[0.141s] Level 1:colcon.colcon_core.package_identification:_identify(.) by extensions ['ros']
[0.141s] Level 1:colcon.colcon_core.package_identification:_identify(.) by extension 'ros'
[0.147s] Level 1:colcon.colcon_core.package_identification:_identify(.) by extensions ['cmake', 'python']
[0.147s] Level 1:colcon.colcon_core.package_identification:_identify(.) by extension 'cmake'
[0.147s] Level 1:colcon.colcon_core.package_identification:_identify(.) by extension 'python'
[0.147s] Level 1:colcon.colcon_core.package_identification:_identify(.) by extensions ['python_setup_py']
[0.147s] Level 1:colcon.colcon_core.package_identification:_identify(.) by extension 'python_setup_py'
[0.148s] Level 1:colcon.colcon_core.package_identification:_identify(build) by extensions ['ignore', 'ignore_ament_install']
[0.148s] Level 1:colcon.colcon_core.package_identification:_identify(build) by extension 'ignore'
[0.148s] Level 1:colcon.colcon_core.package_identification:_identify(build) ignored
[0.148s] Level 1:colcon.colcon_core.package_identification:_identify(install) by extensions ['ignore', 'ignore_ament_install']
[0.148s] Level 1:colcon.colcon_core.package_identification:_identify(install) by extension 'ignore'
[0.148s] Level 1:colcon.colcon_core.package_identification:_identify(install) ignored
[0.148s] Level 1:colcon.colcon_core.package_identification:_identify(log) by extensions ['ignore', 'ignore_ament_install']
[0.148s] Level 1:colcon.colcon_core.package_identification:_identify(log) by extension 'ignore'
[0.148s] Level 1:colcon.colcon_core.package_identification:_identify(log) ignored
[0.148s] Level 1:colcon.colcon_core.package_identification:_identify(src) by extensions ['ignore', 'ignore_ament_install']
[0.148s] Level 1:colcon.colcon_core.package_identification:_identify(src) by extension 'ignore'
[0.148s] Level 1:colcon.colcon_core.package_identification:_identify(src) by extension 'ignore_ament_install'
[0.148s] Level 1:colcon.colcon_core.package_identification:_identify(src) by extensions ['colcon_pkg']
[0.148s] Level 1:colcon.colcon_core.package_identification:_identify(src) by extension 'colcon_pkg'
[0.148s] Level 1:colcon.colcon_core.package_identification:_identify(src) by extensions ['colcon_meta']
[0.148s] Level 1:colcon.colcon_core.package_identification:_identify(src) by extension 'colcon_meta'
[0.148s] Level 1:colcon.colcon_core.package_identification:_identify(src) by extensions ['ros']
[0.148s] Level 1:colcon.colcon_core.package_identification:_identify(src) by extension 'ros'
[0.148s] Level 1:colcon.colcon_core.package_identification:_identify(src) by extensions ['cmake', 'python']
[0.148s] Level 1:colcon.colcon_core.package_identification:_identify(src) by extension 'cmake'
[0.148s] Level 1:colcon.colcon_core.package_identification:_identify(src) by extension 'python'
[0.148s] Level 1:colcon.colcon_core.package_identification:_identify(src) by extensions ['python_setup_py']
[0.148s] Level 1:colcon.colcon_core.package_identification:_identify(src) by extension 'python_setup_py'
[0.148s] Level 1:colcon.colcon_core.package_identification:_identify(src/mpc-rbt-simulator) by extensions ['ignore', 'ignore_ament_install']
[0.148s] Level 1:colcon.colcon_core.package_identification:_identify(src/mpc-rbt-simulator) by extension 'ignore'
[0.148s] Level 1:colcon.colcon_core.package_identification:_identify(src/mpc-rbt-simulator) by extension 'ignore_ament_install'
[0.148s] Level 1:colcon.colcon_core.package_identification:_identify(src/mpc-rbt-simulator) by extensions ['colcon_pkg']
[0.148s] Level 1:colcon.colcon_core.package_identification:_identify(src/mpc-rbt-simulator) by extension 'colcon_pkg'
[0.148s] Level 1:colcon.colcon_core.package_identification:_identify(src/mpc-rbt-simulator) by extensions ['colcon_meta']
[0.148s] Level 1:colcon.colcon_core.package_identification:_identify(src/mpc-rbt-simulator) by extension 'colcon_meta'
[0.148s] Level 1:colcon.colcon_core.package_identification:_identify(src/mpc-rbt-simulator) by extensions ['ros']
[0.148s] Level 1:colcon.colcon_core.package_identification:_identify(src/mpc-rbt-simulator) by extension 'ros'
[0.150s] DEBUG:colcon.colcon_core.package_identification:Package 'src/mpc-rbt-simulator' with type 'ros.ament_cmake' and name 'mpc_rbt_simulator'
[0.150s] Level 1:colcon.colcon_core.package_identification:_identify(src/mpc-rbt-student) by extensions ['ignore', 'ignore_ament_install']
[0.150s] Level 1:colcon.colcon_core.package_identification:_identify(src/mpc-rbt-student) by extension 'ignore'
[0.150s] Level 1:colcon.colcon_core.package_identification:_identify(src/mpc-rbt-student) by extension 'ignore_ament_install'
[0.150s] Level 1:colcon.colcon_core.package_identification:_identify(src/mpc-rbt-student) by extensions ['colcon_pkg']
[0.150s] Level 1:colcon.colcon_core.package_identification:_identify(src/mpc-rbt-student) by extension 'colcon_pkg'
[0.150s] Level 1:colcon.colcon_core.package_identification:_identify(src/mpc-rbt-student) by extensions ['colcon_meta']
[0.150s] Level 1:colcon.colcon_core.package_identification:_identify(src/mpc-rbt-student) by extension 'colcon_meta'
[0.150s] Level 1:colcon.colcon_core.package_identification:_identify(src/mpc-rbt-student) by extensions ['ros']
[0.150s] Level 1:colcon.colcon_core.package_identification:_identify(src/mpc-rbt-student) by extension 'ros'
[0.151s] DEBUG:colcon.colcon_core.package_identification:Package 'src/mpc-rbt-student' with type 'ros.ament_cmake' and name 'mpc_rbt_student'
[0.151s] Level 1:colcon.colcon_core.package_discovery:discover_packages(recursive) using defaults
[0.151s] Level 1:colcon.colcon_core.package_discovery:discover_packages(ignore) discover
[0.151s] Level 1:colcon.colcon_core.package_discovery:discover_packages(ignore) using defaults
[0.151s] Level 1:colcon.colcon_core.package_discovery:discover_packages(path) discover
[0.151s] Level 1:colcon.colcon_core.package_discovery:discover_packages(path) using defaults
[0.168s] Level 1:colcon.colcon_core.package_discovery:discover_packages(prefix_path) check parameters
[0.168s] Level 1:colcon.colcon_core.package_discovery:discover_packages(prefix_path) discover
[0.169s] DEBUG:colcon.colcon_installed_package_information.package_discovery:Found 2 installed packages in /home/student/238362_tm/install
[0.170s] DEBUG:colcon.colcon_installed_package_information.package_discovery:Found 285 installed packages in /opt/ros/humble
[0.171s] Level 1:colcon.colcon_core.package_discovery:discover_packages(prefix_path) using defaults
[0.190s] Level 5:colcon.colcon_core.verb:set package 'mpc_rbt_simulator' build argument 'cmake_args' from command line to 'None'
[0.190s] Level 5:colcon.colcon_core.verb:set package 'mpc_rbt_simulator' build argument 'cmake_target' from command line to 'None'
[0.190s] Level 5:colcon.colcon_core.verb:set package 'mpc_rbt_simulator' build argument 'cmake_target_skip_unavailable' from command line to 'False'
[0.190s] Level 5:colcon.colcon_core.verb:set package 'mpc_rbt_simulator' build argument 'cmake_clean_cache' from command line to 'False'
[0.190s] Level 5:colcon.colcon_core.verb:set package 'mpc_rbt_simulator' build argument 'cmake_clean_first' from command line to 'False'
[0.190s] Level 5:colcon.colcon_core.verb:set package 'mpc_rbt_simulator' build argument 'cmake_force_configure' from command line to 'False'
[0.190s] Level 5:colcon.colcon_core.verb:set package 'mpc_rbt_simulator' build argument 'ament_cmake_args' from command line to 'None'
[0.190s] Level 5:colcon.colcon_core.verb:set package 'mpc_rbt_simulator' build argument 'catkin_cmake_args' from command line to 'None'
[0.190s] Level 5:colcon.colcon_core.verb:set package 'mpc_rbt_simulator' build argument 'catkin_skip_building_tests' from command line to 'False'
[0.190s] DEBUG:colcon.colcon_core.verb:Building package 'mpc_rbt_simulator' with the following arguments: {'ament_cmake_args': None, 'build_base': '/home/student/238362_tm/build/mpc_rbt_simulator', 'catkin_cmake_args': None, 'catkin_skip_building_tests': False, 'cmake_args': None, 'cmake_clean_cache': False, 'cmake_clean_first': False, 'cmake_force_configure': False, 'cmake_target': None, 'cmake_target_skip_unavailable': False, 'install_base': '/home/student/238362_tm/install/mpc_rbt_simulator', 'merge_install': False, 'path': '/home/student/238362_tm/src/mpc-rbt-simulator', 'symlink_install': False, 'test_result_base': None}
[0.190s] Level 5:colcon.colcon_core.verb:set package 'mpc_rbt_student' build argument 'cmake_args' from command line to 'None'
[0.190s] Level 5:colcon.colcon_core.verb:set package 'mpc_rbt_student' build argument 'cmake_target' from command line to 'None'
[0.190s] Level 5:colcon.colcon_core.verb:set package 'mpc_rbt_student' build argument 'cmake_target_skip_unavailable' from command line to 'False'
[0.190s] Level 5:colcon.colcon_core.verb:set package 'mpc_rbt_student' build argument 'cmake_clean_cache' from command line to 'False'
[0.190s] Level 5:colcon.colcon_core.verb:set package 'mpc_rbt_student' build argument 'cmake_clean_first' from command line to 'False'
[0.190s] Level 5:colcon.colcon_core.verb:set package 'mpc_rbt_student' build argument 'cmake_force_configure' from command line to 'False'
[0.190s] Level 5:colcon.colcon_core.verb:set package 'mpc_rbt_student' build argument 'ament_cmake_args' from command line to 'None'
[0.190s] Level 5:colcon.colcon_core.verb:set package 'mpc_rbt_student' build argument 'catkin_cmake_args' from command line to 'None'
[0.190s] Level 5:colcon.colcon_core.verb:set package 'mpc_rbt_student' build argument 'catkin_skip_building_tests' from command line to 'False'
[0.190s] DEBUG:colcon.colcon_core.verb:Building package 'mpc_rbt_student' with the following arguments: {'ament_cmake_args': None, 'build_base': '/home/student/238362_tm/build/mpc_rbt_student', 'catkin_cmake_args': None, 'catkin_skip_building_tests': False, 'cmake_args': None, 'cmake_clean_cache': False, 'cmake_clean_first': False, 'cmake_force_configure': False, 'cmake_target': None, 'cmake_target_skip_unavailable': False, 'install_base': '/home/student/238362_tm/install/mpc_rbt_student', 'merge_install': False, 'path': '/home/student/238362_tm/src/mpc-rbt-student', 'symlink_install': False, 'test_result_base': None}
[0.190s] INFO:colcon.colcon_core.executor:Executing jobs using 'parallel' executor
[0.191s] DEBUG:colcon.colcon_parallel_executor.executor.parallel:run_until_complete
[0.191s] INFO:colcon.colcon_ros.task.ament_cmake.build:Building ROS package in '/home/student/238362_tm/src/mpc-rbt-simulator' with build type 'ament_cmake'
[0.191s] INFO:colcon.colcon_cmake.task.cmake.build:Building CMake package in '/home/student/238362_tm/src/mpc-rbt-simulator'
[0.192s] INFO:colcon.colcon_core.plugin_system:Skipping extension 'colcon_core.shell.bat': Not used on non-Windows systems
[0.192s] INFO:colcon.colcon_core.shell:Skip shell extension 'powershell' for command environment: Not usable outside of PowerShell
[0.192s] DEBUG:colcon.colcon_core.shell:Skip shell extension 'dsv' for command environment
[0.194s] INFO:colcon.colcon_ros.task.ament_cmake.build:Building ROS package in '/home/student/238362_tm/src/mpc-rbt-student' with build type 'ament_cmake'
[0.194s] INFO:colcon.colcon_cmake.task.cmake.build:Building CMake package in '/home/student/238362_tm/src/mpc-rbt-student'
[0.194s] INFO:colcon.colcon_core.shell:Skip shell extension 'powershell' for command environment: Not usable outside of PowerShell
[0.194s] DEBUG:colcon.colcon_core.shell:Skip shell extension 'dsv' for command environment
[0.198s] DEBUG:colcon.colcon_core.event_handler.log_command:Invoking command in '/home/student/238362_tm/build/mpc_rbt_simulator': CMAKE_PREFIX_PATH=${CMAKE_PREFIX_PATH}:/opt/ros/humble /usr/bin/cmake --build /home/student/238362_tm/build/mpc_rbt_simulator -- -j8 -l8
[0.200s] DEBUG:colcon.colcon_core.event_handler.log_command:Invoking command in '/home/student/238362_tm/build/mpc_rbt_student': CMAKE_PREFIX_PATH=${CMAKE_PREFIX_PATH}:/opt/ros/humble /usr/bin/cmake --build /home/student/238362_tm/build/mpc_rbt_student -- -j8 -l8
[0.257s] DEBUG:colcon.colcon_core.event_handler.log_command:Invoked command in '/home/student/238362_tm/build/mpc_rbt_simulator' returned '0': CMAKE_PREFIX_PATH=${CMAKE_PREFIX_PATH}:/opt/ros/humble /usr/bin/cmake --build /home/student/238362_tm/build/mpc_rbt_simulator -- -j8 -l8
[0.263s] DEBUG:colcon.colcon_core.event_handler.log_command:Invoking command in '/home/student/238362_tm/build/mpc_rbt_simulator': CMAKE_PREFIX_PATH=${CMAKE_PREFIX_PATH}:/opt/ros/humble /usr/bin/cmake --install /home/student/238362_tm/build/mpc_rbt_simulator
[0.269s] Level 1:colcon.colcon_core.environment:create_environment_scripts_only(mpc_rbt_simulator)
[0.269s] DEBUG:colcon.colcon_core.event_handler.log_command:Invoked command in '/home/student/238362_tm/build/mpc_rbt_simulator' returned '0': CMAKE_PREFIX_PATH=${CMAKE_PREFIX_PATH}:/opt/ros/humble /usr/bin/cmake --install /home/student/238362_tm/build/mpc_rbt_simulator
[0.270s] Level 1:colcon.colcon_core.environment:checking '/home/student/238362_tm/install/mpc_rbt_simulator' for CMake module files
[0.270s] Level 1:colcon.colcon_core.environment:checking '/home/student/238362_tm/install/mpc_rbt_simulator' for CMake config files
[0.271s] Level 1:colcon.colcon_core.shell:create_environment_hook('mpc_rbt_simulator', 'cmake_prefix_path')
[0.271s] INFO:colcon.colcon_core.shell:Creating environment hook '/home/student/238362_tm/install/mpc_rbt_simulator/share/mpc_rbt_simulator/hook/cmake_prefix_path.ps1'
[0.271s] INFO:colcon.colcon_core.shell:Creating environment descriptor '/home/student/238362_tm/install/mpc_rbt_simulator/share/mpc_rbt_simulator/hook/cmake_prefix_path.dsv'
[0.271s] INFO:colcon.colcon_core.shell:Creating environment hook '/home/student/238362_tm/install/mpc_rbt_simulator/share/mpc_rbt_simulator/hook/cmake_prefix_path.sh'
[0.272s] Level 1:colcon.colcon_core.environment:checking '/home/student/238362_tm/install/mpc_rbt_simulator/lib'
[0.272s] Level 1:colcon.colcon_core.shell:create_environment_hook('mpc_rbt_simulator', 'ld_library_path_lib')
[0.272s] INFO:colcon.colcon_core.shell:Creating environment hook '/home/student/238362_tm/install/mpc_rbt_simulator/share/mpc_rbt_simulator/hook/ld_library_path_lib.ps1'
[0.272s] INFO:colcon.colcon_core.shell:Creating environment descriptor '/home/student/238362_tm/install/mpc_rbt_simulator/share/mpc_rbt_simulator/hook/ld_library_path_lib.dsv'
[0.272s] INFO:colcon.colcon_core.shell:Creating environment hook '/home/student/238362_tm/install/mpc_rbt_simulator/share/mpc_rbt_simulator/hook/ld_library_path_lib.sh'
[0.273s] Level 1:colcon.colcon_core.environment:checking '/home/student/238362_tm/install/mpc_rbt_simulator/bin'
[0.273s] Level 1:colcon.colcon_core.environment:checking '/home/student/238362_tm/install/mpc_rbt_simulator/lib/pkgconfig/mpc_rbt_simulator.pc'
[0.273s] Level 1:colcon.colcon_core.environment:checking '/home/student/238362_tm/install/mpc_rbt_simulator/lib/python3.10/site-packages'
[0.273s] Level 1:colcon.colcon_core.environment:checking '/home/student/238362_tm/install/mpc_rbt_simulator/bin'
[0.273s] INFO:colcon.colcon_core.shell:Creating package script '/home/student/238362_tm/install/mpc_rbt_simulator/share/mpc_rbt_simulator/package.ps1'
[0.274s] INFO:colcon.colcon_core.shell:Creating package descriptor '/home/student/238362_tm/install/mpc_rbt_simulator/share/mpc_rbt_simulator/package.dsv'
[0.274s] INFO:colcon.colcon_core.shell:Creating package script '/home/student/238362_tm/install/mpc_rbt_simulator/share/mpc_rbt_simulator/package.sh'
[0.274s] INFO:colcon.colcon_core.shell:Creating package script '/home/student/238362_tm/install/mpc_rbt_simulator/share/mpc_rbt_simulator/package.bash'
[0.275s] INFO:colcon.colcon_core.shell:Creating package script '/home/student/238362_tm/install/mpc_rbt_simulator/share/mpc_rbt_simulator/package.zsh'
[0.275s] Level 1:colcon.colcon_core.environment:create_file_with_runtime_dependencies(/home/student/238362_tm/install/mpc_rbt_simulator/share/colcon-core/packages/mpc_rbt_simulator)
[0.275s] Level 1:colcon.colcon_core.environment:create_environment_scripts_only(mpc_rbt_simulator)
[0.275s] Level 1:colcon.colcon_core.environment:checking '/home/student/238362_tm/install/mpc_rbt_simulator' for CMake module files
[0.276s] Level 1:colcon.colcon_core.environment:checking '/home/student/238362_tm/install/mpc_rbt_simulator' for CMake config files
[0.276s] Level 1:colcon.colcon_core.shell:create_environment_hook('mpc_rbt_simulator', 'cmake_prefix_path')
[0.276s] INFO:colcon.colcon_core.shell:Creating environment hook '/home/student/238362_tm/install/mpc_rbt_simulator/share/mpc_rbt_simulator/hook/cmake_prefix_path.ps1'
[0.276s] INFO:colcon.colcon_core.shell:Creating environment descriptor '/home/student/238362_tm/install/mpc_rbt_simulator/share/mpc_rbt_simulator/hook/cmake_prefix_path.dsv'
[0.276s] INFO:colcon.colcon_core.shell:Creating environment hook '/home/student/238362_tm/install/mpc_rbt_simulator/share/mpc_rbt_simulator/hook/cmake_prefix_path.sh'
[0.277s] Level 1:colcon.colcon_core.environment:checking '/home/student/238362_tm/install/mpc_rbt_simulator/lib'
[0.277s] Level 1:colcon.colcon_core.shell:create_environment_hook('mpc_rbt_simulator', 'ld_library_path_lib')
[0.277s] INFO:colcon.colcon_core.shell:Creating environment hook '/home/student/238362_tm/install/mpc_rbt_simulator/share/mpc_rbt_simulator/hook/ld_library_path_lib.ps1'
[0.277s] INFO:colcon.colcon_core.shell:Creating environment descriptor '/home/student/238362_tm/install/mpc_rbt_simulator/share/mpc_rbt_simulator/hook/ld_library_path_lib.dsv'
[0.277s] INFO:colcon.colcon_core.shell:Creating environment hook '/home/student/238362_tm/install/mpc_rbt_simulator/share/mpc_rbt_simulator/hook/ld_library_path_lib.sh'
[0.277s] Level 1:colcon.colcon_core.environment:checking '/home/student/238362_tm/install/mpc_rbt_simulator/bin'
[0.277s] Level 1:colcon.colcon_core.environment:checking '/home/student/238362_tm/install/mpc_rbt_simulator/lib/pkgconfig/mpc_rbt_simulator.pc'
[0.277s] Level 1:colcon.colcon_core.environment:checking '/home/student/238362_tm/install/mpc_rbt_simulator/lib/python3.10/site-packages'
[0.277s] Level 1:colcon.colcon_core.environment:checking '/home/student/238362_tm/install/mpc_rbt_simulator/bin'
[0.278s] INFO:colcon.colcon_core.shell:Creating package script '/home/student/238362_tm/install/mpc_rbt_simulator/share/mpc_rbt_simulator/package.ps1'
[0.278s] INFO:colcon.colcon_core.shell:Creating package descriptor '/home/student/238362_tm/install/mpc_rbt_simulator/share/mpc_rbt_simulator/package.dsv'
[0.278s] INFO:colcon.colcon_core.shell:Creating package script '/home/student/238362_tm/install/mpc_rbt_simulator/share/mpc_rbt_simulator/package.sh'
[0.278s] INFO:colcon.colcon_core.shell:Creating package script '/home/student/238362_tm/install/mpc_rbt_simulator/share/mpc_rbt_simulator/package.bash'
[0.279s] INFO:colcon.colcon_core.shell:Creating package script '/home/student/238362_tm/install/mpc_rbt_simulator/share/mpc_rbt_simulator/package.zsh'
[0.279s] Level 1:colcon.colcon_core.environment:create_file_with_runtime_dependencies(/home/student/238362_tm/install/mpc_rbt_simulator/share/colcon-core/packages/mpc_rbt_simulator)
[4.308s] DEBUG:colcon.colcon_core.event_handler.log_command:Invoked command in '/home/student/238362_tm/build/mpc_rbt_student' returned '0': CMAKE_PREFIX_PATH=${CMAKE_PREFIX_PATH}:/opt/ros/humble /usr/bin/cmake --build /home/student/238362_tm/build/mpc_rbt_student -- -j8 -l8
[4.309s] DEBUG:colcon.colcon_core.event_handler.log_command:Invoking command in '/home/student/238362_tm/build/mpc_rbt_student': CMAKE_PREFIX_PATH=${CMAKE_PREFIX_PATH}:/opt/ros/humble /usr/bin/cmake --install /home/student/238362_tm/build/mpc_rbt_student
[4.316s] Level 1:colcon.colcon_core.environment:create_environment_scripts_only(mpc_rbt_student)
[4.316s] Level 1:colcon.colcon_core.environment:checking '/home/student/238362_tm/install/mpc_rbt_student' for CMake module files
[4.316s] DEBUG:colcon.colcon_core.event_handler.log_command:Invoked command in '/home/student/238362_tm/build/mpc_rbt_student' returned '0': CMAKE_PREFIX_PATH=${CMAKE_PREFIX_PATH}:/opt/ros/humble /usr/bin/cmake --install /home/student/238362_tm/build/mpc_rbt_student
[4.316s] Level 1:colcon.colcon_core.environment:checking '/home/student/238362_tm/install/mpc_rbt_student' for CMake config files
[4.316s] Level 1:colcon.colcon_core.shell:create_environment_hook('mpc_rbt_student', 'cmake_prefix_path')
[4.316s] INFO:colcon.colcon_core.shell:Creating environment hook '/home/student/238362_tm/install/mpc_rbt_student/share/mpc_rbt_student/hook/cmake_prefix_path.ps1'
[4.317s] INFO:colcon.colcon_core.shell:Creating environment descriptor '/home/student/238362_tm/install/mpc_rbt_student/share/mpc_rbt_student/hook/cmake_prefix_path.dsv'
[4.317s] INFO:colcon.colcon_core.shell:Creating environment hook '/home/student/238362_tm/install/mpc_rbt_student/share/mpc_rbt_student/hook/cmake_prefix_path.sh'
[4.317s] Level 1:colcon.colcon_core.environment:checking '/home/student/238362_tm/install/mpc_rbt_student/lib'
[4.317s] Level 1:colcon.colcon_core.shell:create_environment_hook('mpc_rbt_student', 'ld_library_path_lib')
[4.317s] INFO:colcon.colcon_core.shell:Creating environment hook '/home/student/238362_tm/install/mpc_rbt_student/share/mpc_rbt_student/hook/ld_library_path_lib.ps1'
[4.318s] INFO:colcon.colcon_core.shell:Creating environment descriptor '/home/student/238362_tm/install/mpc_rbt_student/share/mpc_rbt_student/hook/ld_library_path_lib.dsv'
[4.318s] INFO:colcon.colcon_core.shell:Creating environment hook '/home/student/238362_tm/install/mpc_rbt_student/share/mpc_rbt_student/hook/ld_library_path_lib.sh'
[4.318s] Level 1:colcon.colcon_core.environment:checking '/home/student/238362_tm/install/mpc_rbt_student/bin'
[4.318s] Level 1:colcon.colcon_core.environment:checking '/home/student/238362_tm/install/mpc_rbt_student/lib/pkgconfig/mpc_rbt_student.pc'
[4.318s] Level 1:colcon.colcon_core.environment:checking '/home/student/238362_tm/install/mpc_rbt_student/lib/python3.10/site-packages'
[4.318s] Level 1:colcon.colcon_core.environment:checking '/home/student/238362_tm/install/mpc_rbt_student/bin'
[4.318s] INFO:colcon.colcon_core.shell:Creating package script '/home/student/238362_tm/install/mpc_rbt_student/share/mpc_rbt_student/package.ps1'
[4.319s] INFO:colcon.colcon_core.shell:Creating package descriptor '/home/student/238362_tm/install/mpc_rbt_student/share/mpc_rbt_student/package.dsv'
[4.319s] INFO:colcon.colcon_core.shell:Creating package script '/home/student/238362_tm/install/mpc_rbt_student/share/mpc_rbt_student/package.sh'
[4.319s] INFO:colcon.colcon_core.shell:Creating package script '/home/student/238362_tm/install/mpc_rbt_student/share/mpc_rbt_student/package.bash'
[4.319s] INFO:colcon.colcon_core.shell:Creating package script '/home/student/238362_tm/install/mpc_rbt_student/share/mpc_rbt_student/package.zsh'
[4.319s] Level 1:colcon.colcon_core.environment:create_file_with_runtime_dependencies(/home/student/238362_tm/install/mpc_rbt_student/share/colcon-core/packages/mpc_rbt_student)
[4.320s] Level 1:colcon.colcon_core.environment:create_environment_scripts_only(mpc_rbt_student)
[4.320s] Level 1:colcon.colcon_core.environment:checking '/home/student/238362_tm/install/mpc_rbt_student' for CMake module files
[4.320s] Level 1:colcon.colcon_core.environment:checking '/home/student/238362_tm/install/mpc_rbt_student' for CMake config files
[4.320s] Level 1:colcon.colcon_core.shell:create_environment_hook('mpc_rbt_student', 'cmake_prefix_path')
[4.320s] INFO:colcon.colcon_core.shell:Creating environment hook '/home/student/238362_tm/install/mpc_rbt_student/share/mpc_rbt_student/hook/cmake_prefix_path.ps1'
[4.320s] INFO:colcon.colcon_core.shell:Creating environment descriptor '/home/student/238362_tm/install/mpc_rbt_student/share/mpc_rbt_student/hook/cmake_prefix_path.dsv'
[4.321s] INFO:colcon.colcon_core.shell:Creating environment hook '/home/student/238362_tm/install/mpc_rbt_student/share/mpc_rbt_student/hook/cmake_prefix_path.sh'
[4.321s] Level 1:colcon.colcon_core.environment:checking '/home/student/238362_tm/install/mpc_rbt_student/lib'
[4.321s] Level 1:colcon.colcon_core.shell:create_environment_hook('mpc_rbt_student', 'ld_library_path_lib')
[4.321s] INFO:colcon.colcon_core.shell:Creating environment hook '/home/student/238362_tm/install/mpc_rbt_student/share/mpc_rbt_student/hook/ld_library_path_lib.ps1'
[4.321s] INFO:colcon.colcon_core.shell:Creating environment descriptor '/home/student/238362_tm/install/mpc_rbt_student/share/mpc_rbt_student/hook/ld_library_path_lib.dsv'
[4.321s] INFO:colcon.colcon_core.shell:Creating environment hook '/home/student/238362_tm/install/mpc_rbt_student/share/mpc_rbt_student/hook/ld_library_path_lib.sh'
[4.321s] Level 1:colcon.colcon_core.environment:checking '/home/student/238362_tm/install/mpc_rbt_student/bin'
[4.322s] Level 1:colcon.colcon_core.environment:checking '/home/student/238362_tm/install/mpc_rbt_student/lib/pkgconfig/mpc_rbt_student.pc'
[4.322s] Level 1:colcon.colcon_core.environment:checking '/home/student/238362_tm/install/mpc_rbt_student/lib/python3.10/site-packages'
[4.322s] Level 1:colcon.colcon_core.environment:checking '/home/student/238362_tm/install/mpc_rbt_student/bin'
[4.322s] INFO:colcon.colcon_core.shell:Creating package script '/home/student/238362_tm/install/mpc_rbt_student/share/mpc_rbt_student/package.ps1'
[4.322s] INFO:colcon.colcon_core.shell:Creating package descriptor '/home/student/238362_tm/install/mpc_rbt_student/share/mpc_rbt_student/package.dsv'
[4.322s] INFO:colcon.colcon_core.shell:Creating package script '/home/student/238362_tm/install/mpc_rbt_student/share/mpc_rbt_student/package.sh'
[4.323s] INFO:colcon.colcon_core.shell:Creating package script '/home/student/238362_tm/install/mpc_rbt_student/share/mpc_rbt_student/package.bash'
[4.323s] INFO:colcon.colcon_core.shell:Creating package script '/home/student/238362_tm/install/mpc_rbt_student/share/mpc_rbt_student/package.zsh'
[4.323s] Level 1:colcon.colcon_core.environment:create_file_with_runtime_dependencies(/home/student/238362_tm/install/mpc_rbt_student/share/colcon-core/packages/mpc_rbt_student)
[4.323s] DEBUG:colcon.colcon_parallel_executor.executor.parallel:closing loop
[4.323s] DEBUG:colcon.colcon_parallel_executor.executor.parallel:loop closed
[4.323s] DEBUG:colcon.colcon_parallel_executor.executor.parallel:run_until_complete finished with '0'
[4.323s] DEBUG:colcon.colcon_core.event_reactor:joining thread
[4.326s] INFO:colcon.colcon_core.plugin_system:Skipping extension 'colcon_notification.desktop_notification.terminal_notifier': Not used on non-Darwin systems
[4.326s] INFO:colcon.colcon_core.plugin_system:Skipping extension 'colcon_notification.desktop_notification.win32': Not used on non-Windows systems
[4.326s] INFO:colcon.colcon_notification.desktop_notification:Sending desktop notification using 'notify2'
[4.334s] DEBUG:colcon.colcon_core.event_reactor:joined thread
[4.335s] INFO:colcon.colcon_core.shell:Creating prefix script '/home/student/238362_tm/install/local_setup.ps1'
[4.336s] INFO:colcon.colcon_core.shell:Creating prefix util module '/home/student/238362_tm/install/_local_setup_util_ps1.py'
[4.337s] INFO:colcon.colcon_core.shell:Creating prefix chain script '/home/student/238362_tm/install/setup.ps1'
[4.337s] INFO:colcon.colcon_core.shell:Creating prefix script '/home/student/238362_tm/install/local_setup.sh'
[4.338s] INFO:colcon.colcon_core.shell:Creating prefix util module '/home/student/238362_tm/install/_local_setup_util_sh.py'
[4.338s] INFO:colcon.colcon_core.shell:Creating prefix chain script '/home/student/238362_tm/install/setup.sh'
[4.338s] INFO:colcon.colcon_core.shell:Creating prefix script '/home/student/238362_tm/install/local_setup.bash'
[4.339s] INFO:colcon.colcon_core.shell:Creating prefix chain script '/home/student/238362_tm/install/setup.bash'
[4.339s] INFO:colcon.colcon_core.shell:Creating prefix script '/home/student/238362_tm/install/local_setup.zsh'
[4.339s] INFO:colcon.colcon_core.shell:Creating prefix chain script '/home/student/238362_tm/install/setup.zsh'
