[0.007s] Invoking command in '/home/student/238362_tm/build/mpc_rbt_simulator': CMAKE_PREFIX_PATH=${CMAKE_PREFIX_PATH}:/opt/ros/humble /usr/bin/cmake --build /home/student/238362_tm/build/mpc_rbt_simulator -- -j8 -l8
[0.054s] [ 25%] Built target gtest_main
[0.054s] [ 50%] Built target gtest
[0.058s] [ 75%] Built target mpc_rbt_simulator
[0.073s] [100%] Built target tiagoDriverTest
[0.080s] Invoked command in '/home/student/238362_tm/build/mpc_rbt_simulator' returned '0': CMAKE_PREFIX_PATH=${CMAKE_PREFIX_PATH}:/opt/ros/humble /usr/bin/cmake --build /home/student/238362_tm/build/mpc_rbt_simulator -- -j8 -l8
[0.085s] Invoking command in '/home/student/238362_tm/build/mpc_rbt_simulator': CMAKE_PREFIX_PATH=${CMAKE_PREFIX_PATH}:/opt/ros/humble /usr/bin/cmake --install /home/student/238362_tm/build/mpc_rbt_simulator
[0.089s] -- Install configuration: ""
[0.089s] -- Up-to-date: /home/student/238362_tm/install/mpc_rbt_simulator/share/mpc_rbt_simulator/tiago_driver_plugin.xml
[0.089s] -- Up-to-date: /home/student/238362_tm/install/mpc_rbt_simulator/lib/libmpc_rbt_simulator.so
[0.089s] -- Up-to-date: /home/student/238362_tm/install/mpc_rbt_simulator/include/
[0.089s] -- Up-to-date: /home/student/238362_tm/install/mpc_rbt_simulator/include//mpc_rbt_simulator
[0.089s] -- Up-to-date: /home/student/238362_tm/install/mpc_rbt_simulator/include//mpc_rbt_simulator/RobotConfig.hpp
[0.090s] -- Up-to-date: /home/student/238362_tm/install/mpc_rbt_simulator/include//mpc_rbt_simulator/TiagoDriver.hpp
[0.090s] -- Up-to-date: /home/student/238362_tm/install/mpc_rbt_simulator/share/mpc_rbt_simulator//launch
[0.090s] -- Up-to-date: /home/student/238362_tm/install/mpc_rbt_simulator/share/mpc_rbt_simulator//launch/simulation.launch.py
[0.090s] -- Up-to-date: /home/student/238362_tm/install/mpc_rbt_simulator/share/mpc_rbt_simulator//maps
[0.090s] -- Up-to-date: /home/student/238362_tm/install/mpc_rbt_simulator/share/mpc_rbt_simulator//maps/map.yaml
[0.090s] -- Up-to-date: /home/student/238362_tm/install/mpc_rbt_simulator/share/mpc_rbt_simulator//maps/map.pgm
[0.090s] -- Up-to-date: /home/student/238362_tm/install/mpc_rbt_simulator/share/mpc_rbt_simulator//resources
[0.090s] -- Up-to-date: /home/student/238362_tm/install/mpc_rbt_simulator/share/mpc_rbt_simulator//resources/proto
[0.090s] -- Up-to-date: /home/student/238362_tm/install/mpc_rbt_simulator/share/mpc_rbt_simulator//resources/proto/.TiagoBase.proto.swp
[0.090s] -- Up-to-date: /home/student/238362_tm/install/mpc_rbt_simulator/share/mpc_rbt_simulator//resources/proto/TiagoBase.proto
[0.090s] -- Up-to-date: /home/student/238362_tm/install/mpc_rbt_simulator/share/mpc_rbt_simulator//resources/textures
[0.090s] -- Up-to-date: /home/student/238362_tm/install/mpc_rbt_simulator/share/mpc_rbt_simulator//resources/textures/metal_stainless_clean_roughness.jpg
[0.090s] -- Up-to-date: /home/student/238362_tm/install/mpc_rbt_simulator/share/mpc_rbt_simulator//resources/textures/metal_stainless_clean_base_color.jpg
[0.090s] -- Up-to-date: /home/student/238362_tm/install/mpc_rbt_simulator/share/mpc_rbt_simulator//resources/tiago_plugin.urdf
[0.090s] -- Up-to-date: /home/student/238362_tm/install/mpc_rbt_simulator/share/mpc_rbt_simulator//resources/tiago_model_ros.urdf
[0.090s] -- Up-to-date: /home/student/238362_tm/install/mpc_rbt_simulator/share/mpc_rbt_simulator//resources/meshes
[0.090s] -- Up-to-date: /home/student/238362_tm/install/mpc_rbt_simulator/share/mpc_rbt_simulator//resources/meshes/bumper_shape.obj
[0.090s] -- Up-to-date: /home/student/238362_tm/install/mpc_rbt_simulator/share/mpc_rbt_simulator//resources/meshes/base.obj
[0.090s] -- Up-to-date: /home/student/238362_tm/install/mpc_rbt_simulator/share/mpc_rbt_simulator//resources/meshes/antenna_shape.obj
[0.090s] -- Up-to-date: /home/student/238362_tm/install/mpc_rbt_simulator/share/mpc_rbt_simulator//resources/meshes/small_wheel_shape.obj
[0.090s] -- Up-to-date: /home/student/238362_tm/install/mpc_rbt_simulator/share/mpc_rbt_simulator//resources/meshes/caster_support.obj
[0.090s] -- Up-to-date: /home/student/238362_tm/install/mpc_rbt_simulator/share/mpc_rbt_simulator//resources/meshes/tire.obj
[0.090s] -- Up-to-date: /home/student/238362_tm/install/mpc_rbt_simulator/share/mpc_rbt_simulator//resources/meshes/rim.obj
[0.090s] -- Up-to-date: /home/student/238362_tm/install/mpc_rbt_simulator/share/mpc_rbt_simulator//worlds
[0.090s] -- Up-to-date: /home/student/238362_tm/install/mpc_rbt_simulator/share/mpc_rbt_simulator//worlds/mpc-rbt-warehouse.wbt
[0.090s] -- Up-to-date: /home/student/238362_tm/install/mpc_rbt_simulator/share/mpc_rbt_simulator//worlds/.mpc-rbt-warehouse.wbproj
[0.090s] -- Up-to-date: /home/student/238362_tm/install/mpc_rbt_simulator/share/mpc_rbt_simulator/environment/library_path.sh
[0.090s] -- Up-to-date: /home/student/238362_tm/install/mpc_rbt_simulator/share/mpc_rbt_simulator/environment/library_path.dsv
[0.090s] -- Up-to-date: /home/student/238362_tm/install/mpc_rbt_simulator/share/ament_index/resource_index/package_run_dependencies/mpc_rbt_simulator
[0.091s] -- Up-to-date: /home/student/238362_tm/install/mpc_rbt_simulator/share/ament_index/resource_index/parent_prefix_path/mpc_rbt_simulator
[0.091s] -- Up-to-date: /home/student/238362_tm/install/mpc_rbt_simulator/share/mpc_rbt_simulator/environment/ament_prefix_path.sh
[0.091s] -- Up-to-date: /home/student/238362_tm/install/mpc_rbt_simulator/share/mpc_rbt_simulator/environment/ament_prefix_path.dsv
[0.091s] -- Up-to-date: /home/student/238362_tm/install/mpc_rbt_simulator/share/mpc_rbt_simulator/environment/path.sh
[0.091s] -- Up-to-date: /home/student/238362_tm/install/mpc_rbt_simulator/share/mpc_rbt_simulator/environment/path.dsv
[0.091s] -- Up-to-date: /home/student/238362_tm/install/mpc_rbt_simulator/share/mpc_rbt_simulator/local_setup.bash
[0.091s] -- Up-to-date: /home/student/238362_tm/install/mpc_rbt_simulator/share/mpc_rbt_simulator/local_setup.sh
[0.091s] -- Up-to-date: /home/student/238362_tm/install/mpc_rbt_simulator/share/mpc_rbt_simulator/local_setup.zsh
[0.091s] -- Up-to-date: /home/student/238362_tm/install/mpc_rbt_simulator/share/mpc_rbt_simulator/local_setup.dsv
[0.091s] -- Installing: /home/student/238362_tm/install/mpc_rbt_simulator/share/mpc_rbt_simulator/package.dsv
[0.091s] -- Up-to-date: /home/student/238362_tm/install/mpc_rbt_simulator/share/ament_index/resource_index/packages/mpc_rbt_simulator
[0.091s] -- Up-to-date: /home/student/238362_tm/install/mpc_rbt_simulator/share/ament_index/resource_index/webots_ros2_driver__pluginlib__plugin/mpc_rbt_simulator
[0.091s] -- Up-to-date: /home/student/238362_tm/install/mpc_rbt_simulator/share/mpc_rbt_simulator/cmake/ament_cmake_export_include_directories-extras.cmake
[0.091s] -- Up-to-date: /home/student/238362_tm/install/mpc_rbt_simulator/share/mpc_rbt_simulator/cmake/ament_cmake_export_dependencies-extras.cmake
[0.091s] -- Up-to-date: /home/student/238362_tm/install/mpc_rbt_simulator/share/mpc_rbt_simulator/cmake/ament_cmake_export_libraries-extras.cmake
[0.091s] -- Up-to-date: /home/student/238362_tm/install/mpc_rbt_simulator/share/mpc_rbt_simulator/cmake/mpc_rbt_simulatorConfig.cmake
[0.091s] -- Up-to-date: /home/student/238362_tm/install/mpc_rbt_simulator/share/mpc_rbt_simulator/cmake/mpc_rbt_simulatorConfig-version.cmake
[0.091s] -- Up-to-date: /home/student/238362_tm/install/mpc_rbt_simulator/share/mpc_rbt_simulator/package.xml
[0.091s] Invoked command in '/home/student/238362_tm/build/mpc_rbt_simulator' returned '0': CMAKE_PREFIX_PATH=${CMAKE_PREFIX_PATH}:/opt/ros/humble /usr/bin/cmake --install /home/student/238362_tm/build/mpc_rbt_simulator
